[17:42:27] [main/INFO] [GradleStart]: Extra: []
[17:42:28] [main/INFO] [GradleStart]: Running with arguments: [--userProperties, {}, --accessToken, {REDACTED}, --assetIndex, 1.7.10, --assetsDir, C:/Users/Tod/.gradle/caches/minecraft/assets, --version, 1.7.10, --tweakClass, cpw.mods.fml.common.launcher.FMLTweaker, --tweakClass, net.minecraftforge.gradle.GradleStartCommon$GradleStartTweaker]
[17:42:28] [main/INFO] [LaunchWrapper]: Loading tweak class name cpw.mods.fml.common.launcher.FMLTweaker
[17:42:28] [main/INFO] [LaunchWrapper]: Using primary tweak class name cpw.mods.fml.common.launcher.FMLTweaker
[17:42:28] [main/INFO] [LaunchWrapper]: Loading tweak class name net.minecraftforge.gradle.GradleStartCommon$GradleStartTweaker
[17:42:28] [main/INFO] [LaunchWrapper]: Calling tweak class cpw.mods.fml.common.launcher.FMLTweaker
[18:04:23] [main/INFO] [GradleStart]: Extra: []
[18:04:23] [main/INFO] [GradleStart]: Running with arguments: [--userProperties, {}, --accessToken, {REDACTED}, --assetIndex, 1.7.10, --assetsDir, C:/Users/Tod/.gradle/caches/minecraft/assets, --version, 1.7.10, --tweakClass, cpw.mods.fml.common.launcher.FMLTweaker, --tweakClass, net.minecraftforge.gradle.GradleStartCommon$GradleStartTweaker]
[18:04:23] [main/INFO] [LaunchWrapper]: Loading tweak class name cpw.mods.fml.common.launcher.FMLTweaker
[18:04:23] [main/INFO] [LaunchWrapper]: Using primary tweak class name cpw.mods.fml.common.launcher.FMLTweaker
[18:04:23] [main/INFO] [LaunchWrapper]: Loading tweak class name net.minecraftforge.gradle.GradleStartCommon$GradleStartTweaker
[18:04:23] [main/INFO] [LaunchWrapper]: Calling tweak class cpw.mods.fml.common.launcher.FMLTweaker
[20:48:38] [main/INFO] [GradleStart]: Extra: []
[20:48:38] [main/INFO] [GradleStart]: Running with arguments: [--userProperties, {}, --accessToken, {REDACTED}, --assetIndex, 1.7.10, --assetsDir, C:/Users/Tod/.gradle/caches/minecraft/assets, --version, 1.7.10, --tweakClass, cpw.mods.fml.common.launcher.FMLTweaker, --tweakClass, net.minecraftforge.gradle.GradleStartCommon$GradleStartTweaker]
[20:48:38] [main/INFO] [LaunchWrapper]: Loading tweak class name cpw.mods.fml.common.launcher.FMLTweaker
[20:48:38] [main/INFO] [LaunchWrapper]: Using primary tweak class name cpw.mods.fml.common.launcher.FMLTweaker
[20:48:38] [main/INFO] [LaunchWrapper]: Loading tweak class name net.minecraftforge.gradle.GradleStartCommon$GradleStartTweaker
[20:48:38] [main/INFO] [LaunchWrapper]: Calling tweak class cpw.mods.fml.common.launcher.FMLTweaker
[20:51:23] [main/INFO] [GradleStart]: Extra: []
[20:51:23] [main/INFO] [GradleStart]: Running with arguments: [--userProperties, {}, --accessToken, {REDACTED}, --assetIndex, 1.7.10, --assetsDir, C:/Users/Tod/.gradle/caches/minecraft/assets, --version, 1.7.10, --tweakClass, cpw.mods.fml.common.launcher.FMLTweaker, --tweakClass, net.minecraftforge.gradle.GradleStartCommon$GradleStartTweaker]
[20:51:23] [main/INFO] [LaunchWrapper]: Loading tweak class name cpw.mods.fml.common.launcher.FMLTweaker
[20:51:23] [main/INFO] [LaunchWrapper]: Using primary tweak class name cpw.mods.fml.common.launcher.FMLTweaker
[20:51:23] [main/INFO] [LaunchWrapper]: Loading tweak class name net.minecraftforge.gradle.GradleStartCommon$GradleStartTweaker
[20:51:23] [main/INFO] [LaunchWrapper]: Calling tweak class cpw.mods.fml.common.launcher.FMLTweaker
[23:23:42] [main/INFO] [GradleStart]: Extra: []
[23:23:42] [main/INFO] [GradleStart]: Running with arguments: [--userProperties, {}, --accessToken, {REDACTED}, --assetIndex, 1.7.10, --assetsDir, C:/Users/Tod/.gradle/caches/minecraft/assets, --version, 1.7.10, --tweakClass, cpw.mods.fml.common.launcher.FMLTweaker, --tweakClass, net.minecraftforge.gradle.GradleStartCommon$GradleStartTweaker]
[23:23:43] [main/INFO] [LaunchWrapper]: Loading tweak class name cpw.mods.fml.common.launcher.FMLTweaker
[23:23:43] [main/INFO] [LaunchWrapper]: Using primary tweak class name cpw.mods.fml.common.launcher.FMLTweaker
[23:23:43] [main/INFO] [LaunchWrapper]: Loading tweak class name net.minecraftforge.gradle.GradleStartCommon$GradleStartTweaker
[23:23:43] [main/INFO] [LaunchWrapper]: Calling tweak class cpw.mods.fml.common.launcher.FMLTweaker
[08:34:18] [main/INFO] [GradleStart]: Extra: []
[08:34:18] [main/INFO] [GradleStart]: Running with arguments: [--userProperties, {}, --accessToken, {REDACTED}, --assetIndex, 1.7.10, --assetsDir, C:/Users/Tod/.gradle/caches/minecraft/assets, --version, 1.7.10, --tweakClass, cpw.mods.fml.common.launcher.FMLTweaker, --tweakClass, net.minecraftforge.gradle.GradleStartCommon$GradleStartTweaker]
[08:34:18] [main/INFO] [LaunchWrapper]: Loading tweak class name cpw.mods.fml.common.launcher.FMLTweaker
[08:34:18] [main/INFO] [LaunchWrapper]: Using primary tweak class name cpw.mods.fml.common.launcher.FMLTweaker
[08:34:18] [main/INFO] [LaunchWrapper]: Loading tweak class name net.minecraftforge.gradle.GradleStartCommon$GradleStartTweaker
[08:34:18] [main/INFO] [LaunchWrapper]: Calling tweak class cpw.mods.fml.common.launcher.FMLTweaker
[08:44:50] [main/INFO] [GradleStart]: Extra: []
[08:44:50] [main/INFO] [GradleStart]: Running with arguments: [--userProperties, {}, --accessToken, {REDACTED}, --assetIndex, 1.7.10, --assetsDir, C:/Users/Tod/.gradle/caches/minecraft/assets, --version, 1.7.10, --tweakClass, cpw.mods.fml.common.launcher.FMLTweaker, --tweakClass, net.minecraftforge.gradle.GradleStartCommon$GradleStartTweaker]
[08:44:50] [main/INFO] [LaunchWrapper]: Loading tweak class name cpw.mods.fml.common.launcher.FMLTweaker
[08:44:50] [main/INFO] [LaunchWrapper]: Using primary tweak class name cpw.mods.fml.common.launcher.FMLTweaker
[08:44:50] [main/INFO] [LaunchWrapper]: Loading tweak class name net.minecraftforge.gradle.GradleStartCommon$GradleStartTweaker
[08:44:50] [main/INFO] [LaunchWrapper]: Calling tweak class cpw.mods.fml.common.launcher.FMLTweaker
[08:53:46] [main/INFO] [GradleStart]: Extra: []
[08:53:46] [main/INFO] [GradleStart]: Running with arguments: [--userProperties, {}, --accessToken, {REDACTED}, --assetIndex, 1.7.10, --assetsDir, C:/Users/Tod/.gradle/caches/minecraft/assets, --version, 1.7.10, --tweakClass, cpw.mods.fml.common.launcher.FMLTweaker, --tweakClass, net.minecraftforge.gradle.GradleStartCommon$GradleStartTweaker]
[08:53:46] [main/INFO] [LaunchWrapper]: Loading tweak class name cpw.mods.fml.common.launcher.FMLTweaker
[08:53:46] [main/INFO] [LaunchWrapper]: Using primary tweak class name cpw.mods.fml.common.launcher.FMLTweaker
[08:53:46] [main/INFO] [LaunchWrapper]: Loading tweak class name net.minecraftforge.gradle.GradleStartCommon$GradleStartTweaker
[08:53:46] [main/INFO] [LaunchWrapper]: Calling tweak class cpw.mods.fml.common.launcher.FMLTweaker
[09:10:02] [main/INFO] [GradleStart]: Extra: []
[09:10:03] [main/INFO] [GradleStart]: Running with arguments: [--userProperties, {}, --accessToken, {REDACTED}, --assetIndex, 1.7.10, --assetsDir, C:/Users/Tod/.gradle/caches/minecraft/assets, --version, 1.7.10, --tweakClass, cpw.mods.fml.common.launcher.FMLTweaker, --tweakClass, net.minecraftforge.gradle.GradleStartCommon$GradleStartTweaker]
[09:10:03] [main/INFO] [LaunchWrapper]: Loading tweak class name cpw.mods.fml.common.launcher.FMLTweaker
[09:10:03] [main/INFO] [LaunchWrapper]: Using primary tweak class name cpw.mods.fml.common.launcher.FMLTweaker
[09:10:03] [main/INFO] [LaunchWrapper]: Loading tweak class name net.minecraftforge.gradle.GradleStartCommon$GradleStartTweaker
[09:10:03] [main/INFO] [LaunchWrapper]: Calling tweak class cpw.mods.fml.common.launcher.FMLTweaker
[10:08:50] [main/INFO] [GradleStart]: Extra: []
[10:08:50] [main/INFO] [GradleStart]: Running with arguments: [--userProperties, {}, --accessToken, {REDACTED}, --assetIndex, 1.7.10, --assetsDir, C:/Users/Tod/.gradle/caches/minecraft/assets, --version, 1.7.10, --tweakClass, cpw.mods.fml.common.launcher.FMLTweaker, --tweakClass, net.minecraftforge.gradle.GradleStartCommon$GradleStartTweaker]
[10:08:50] [main/INFO] [LaunchWrapper]: Loading tweak class name cpw.mods.fml.common.launcher.FMLTweaker
[10:08:50] [main/INFO] [LaunchWrapper]: Using primary tweak class name cpw.mods.fml.common.launcher.FMLTweaker
[10:08:50] [main/INFO] [LaunchWrapper]: Loading tweak class name net.minecraftforge.gradle.GradleStartCommon$GradleStartTweaker
[10:08:50] [main/INFO] [LaunchWrapper]: Calling tweak class cpw.mods.fml.common.launcher.FMLTweaker
[10:24:11] [main/INFO] [GradleStart]: Extra: []
[10:24:11] [main/INFO] [GradleStart]: Running with arguments: [--userProperties, {}, --accessToken, {REDACTED}, --assetIndex, 1.7.10, --assetsDir, C:/Users/Tod/.gradle/caches/minecraft/assets, --version, 1.7.10, --tweakClass, cpw.mods.fml.common.launcher.FMLTweaker, --tweakClass, net.minecraftforge.gradle.GradleStartCommon$GradleStartTweaker]
[10:24:11] [main/INFO] [LaunchWrapper]: Loading tweak class name cpw.mods.fml.common.launcher.FMLTweaker
[10:24:11] [main/INFO] [LaunchWrapper]: Using primary tweak class name cpw.mods.fml.common.launcher.FMLTweaker
[10:24:11] [main/INFO] [LaunchWrapper]: Loading tweak class name net.minecraftforge.gradle.GradleStartCommon$GradleStartTweaker
[10:24:11] [main/INFO] [LaunchWrapper]: Calling tweak class cpw.mods.fml.common.launcher.FMLTweaker
[11:33:52] [main/INFO] [GradleStart]: Extra: []
[11:33:53] [main/INFO] [GradleStart]: Running with arguments: [--userProperties, {}, --accessToken, {REDACTED}, --assetIndex, 1.7.10, --assetsDir, C:/Users/Tod/.gradle/caches/minecraft/assets, --version, 1.7.10, --tweakClass, cpw.mods.fml.common.launcher.FMLTweaker, --tweakClass, net.minecraftforge.gradle.GradleStartCommon$GradleStartTweaker]
[11:33:53] [main/INFO] [LaunchWrapper]: Loading tweak class name cpw.mods.fml.common.launcher.FMLTweaker
[11:33:53] [main/INFO] [LaunchWrapper]: Using primary tweak class name cpw.mods.fml.common.launcher.FMLTweaker
[11:33:53] [main/INFO] [LaunchWrapper]: Loading tweak class name net.minecraftforge.gradle.GradleStartCommon$GradleStartTweaker
[11:33:53] [main/INFO] [LaunchWrapper]: Calling tweak class cpw.mods.fml.common.launcher.FMLTweaker
[11:36:29] [main/INFO] [GradleStart]: Extra: []
[11:36:29] [main/INFO] [GradleStart]: Running with arguments: [--userProperties, {}, --accessToken, {REDACTED}, --assetIndex, 1.7.10, --assetsDir, C:/Users/Tod/.gradle/caches/minecraft/assets, --version, 1.7.10, --tweakClass, cpw.mods.fml.common.launcher.FMLTweaker, --tweakClass, net.minecraftforge.gradle.GradleStartCommon$GradleStartTweaker]
[11:36:29] [main/INFO] [LaunchWrapper]: Loading tweak class name cpw.mods.fml.common.launcher.FMLTweaker
[11:36:29] [main/INFO] [LaunchWrapper]: Using primary tweak class name cpw.mods.fml.common.launcher.FMLTweaker
[11:36:29] [main/INFO] [LaunchWrapper]: Loading tweak class name net.minecraftforge.gradle.GradleStartCommon$GradleStartTweaker
[11:36:29] [main/INFO] [LaunchWrapper]: Calling tweak class cpw.mods.fml.common.launcher.FMLTweaker
[11:37:41] [main/INFO] [GradleStart]: Extra: []
[11:37:42] [main/INFO] [GradleStart]: Running with arguments: [--userProperties, {}, --accessToken, {REDACTED}, --assetIndex, 1.7.10, --assetsDir, C:/Users/Tod/.gradle/caches/minecraft/assets, --version, 1.7.10, --tweakClass, cpw.mods.fml.common.launcher.FMLTweaker, --tweakClass, net.minecraftforge.gradle.GradleStartCommon$GradleStartTweaker]
[11:37:42] [main/INFO] [LaunchWrapper]: Loading tweak class name cpw.mods.fml.common.launcher.FMLTweaker
[11:37:42] [main/INFO] [LaunchWrapper]: Using primary tweak class name cpw.mods.fml.common.launcher.FMLTweaker
[11:37:42] [main/INFO] [LaunchWrapper]: Loading tweak class name net.minecraftforge.gradle.GradleStartCommon$GradleStartTweaker
[11:37:42] [main/INFO] [LaunchWrapper]: Calling tweak class cpw.mods.fml.common.launcher.FMLTweaker
[11:41:51] [main/INFO] [GradleStart]: Extra: []
[11:41:52] [main/INFO] [GradleStart]: Running with arguments: [--userProperties, {}, --accessToken, {REDACTED}, --assetIndex, 1.7.10, --assetsDir, C:/Users/Tod/.gradle/caches/minecraft/assets, --version, 1.7.10, --tweakClass, cpw.mods.fml.common.launcher.FMLTweaker, --tweakClass, net.minecraftforge.gradle.GradleStartCommon$GradleStartTweaker]
[11:41:52] [main/INFO] [LaunchWrapper]: Loading tweak class name cpw.mods.fml.common.launcher.FMLTweaker
[11:41:52] [main/INFO] [LaunchWrapper]: Using primary tweak class name cpw.mods.fml.common.launcher.FMLTweaker
[11:41:52] [main/INFO] [LaunchWrapper]: Loading tweak class name net.minecraftforge.gradle.GradleStartCommon$GradleStartTweaker
[11:41:52] [main/INFO] [LaunchWrapper]: Calling tweak class cpw.mods.fml.common.launcher.FMLTweaker
[11:44:20] [main/INFO] [GradleStart]: Extra: []
[11:44:20] [main/INFO] [GradleStart]: Running with arguments: [--userProperties, {}, --accessToken, {REDACTED}, --assetIndex, 1.7.10, --assetsDir, C:/Users/Tod/.gradle/caches/minecraft/assets, --version, 1.7.10, --tweakClass, cpw.mods.fml.common.launcher.FMLTweaker, --tweakClass, net.minecraftforge.gradle.GradleStartCommon$GradleStartTweaker]
[11:44:20] [main/INFO] [LaunchWrapper]: Loading tweak class name cpw.mods.fml.common.launcher.FMLTweaker
[11:44:20] [main/INFO] [LaunchWrapper]: Using primary tweak class name cpw.mods.fml.common.launcher.FMLTweaker
[11:44:20] [main/INFO] [LaunchWrapper]: Loading tweak class name net.minecraftforge.gradle.GradleStartCommon$GradleStartTweaker
[11:44:20] [main/INFO] [LaunchWrapper]: Calling tweak class cpw.mods.fml.common.launcher.FMLTweaker
[11:48:29] [main/INFO] [GradleStart]: Extra: []
[11:48:29] [main/INFO] [GradleStart]: Running with arguments: [--userProperties, {}, --accessToken, {REDACTED}, --assetIndex, 1.7.10, --assetsDir, C:/Users/Tod/.gradle/caches/minecraft/assets, --version, 1.7.10, --tweakClass, cpw.mods.fml.common.launcher.FMLTweaker, --tweakClass, net.minecraftforge.gradle.GradleStartCommon$GradleStartTweaker]
[11:48:29] [main/INFO] [LaunchWrapper]: Loading tweak class name cpw.mods.fml.common.launcher.FMLTweaker
[11:48:29] [main/INFO] [LaunchWrapper]: Using primary tweak class name cpw.mods.fml.common.launcher.FMLTweaker
[11:48:29] [main/INFO] [LaunchWrapper]: Loading tweak class name net.minecraftforge.gradle.GradleStartCommon$GradleStartTweaker
[11:48:29] [main/INFO] [LaunchWrapper]: Calling tweak class cpw.mods.fml.common.launcher.FMLTweaker
[11:51:02] [main/INFO] [GradleStart]: Extra: []
[11:51:02] [main/INFO] [GradleStart]: Running with arguments: [--userProperties, {}, --accessToken, {REDACTED}, --assetIndex, 1.7.10, --assetsDir, C:/Users/Tod/.gradle/caches/minecraft/assets, --version, 1.7.10, --tweakClass, cpw.mods.fml.common.launcher.FMLTweaker, --tweakClass, net.minecraftforge.gradle.GradleStartCommon$GradleStartTweaker]
[11:51:02] [main/INFO] [LaunchWrapper]: Loading tweak class name cpw.mods.fml.common.launcher.FMLTweaker
[11:51:02] [main/INFO] [LaunchWrapper]: Using primary tweak class name cpw.mods.fml.common.launcher.FMLTweaker
[11:51:02] [main/INFO] [LaunchWrapper]: Loading tweak class name net.minecraftforge.gradle.GradleStartCommon$GradleStartTweaker
[11:51:02] [main/INFO] [LaunchWrapper]: Calling tweak class cpw.mods.fml.common.launcher.FMLTweaker
[12:04:51] [main/INFO] [GradleStart]: Extra: []
[12:04:52] [main/INFO] [GradleStart]: Running with arguments: [--userProperties, {}, --accessToken, {REDACTED}, --assetIndex, 1.7.10, --assetsDir, C:/Users/Tod/.gradle/caches/minecraft/assets, --version, 1.7.10, --tweakClass, cpw.mods.fml.common.launcher.FMLTweaker, --tweakClass, net.minecraftforge.gradle.GradleStartCommon$GradleStartTweaker]
[12:04:52] [main/INFO] [LaunchWrapper]: Loading tweak class name cpw.mods.fml.common.launcher.FMLTweaker
[12:04:52] [main/INFO] [LaunchWrapper]: Using primary tweak class name cpw.mods.fml.common.launcher.FMLTweaker
[12:04:52] [main/INFO] [LaunchWrapper]: Loading tweak class name net.minecraftforge.gradle.GradleStartCommon$GradleStartTweaker
[12:04:52] [main/INFO] [LaunchWrapper]: Calling tweak class cpw.mods.fml.common.launcher.FMLTweaker
[12:07:06] [main/INFO] [GradleStart]: Extra: []
[12:07:06] [main/INFO] [GradleStart]: Running with arguments: [--userProperties, {}, --accessToken, {REDACTED}, --assetIndex, 1.7.10, --assetsDir, C:/Users/Tod/.gradle/caches/minecraft/assets, --version, 1.7.10, --tweakClass, cpw.mods.fml.common.launcher.FMLTweaker, --tweakClass, net.minecraftforge.gradle.GradleStartCommon$GradleStartTweaker]
[12:07:06] [main/INFO] [LaunchWrapper]: Loading tweak class name cpw.mods.fml.common.launcher.FMLTweaker
[12:07:06] [main/INFO] [LaunchWrapper]: Using primary tweak class name cpw.mods.fml.common.launcher.FMLTweaker
[12:07:06] [main/INFO] [LaunchWrapper]: Loading tweak class name net.minecraftforge.gradle.GradleStartCommon$GradleStartTweaker
[12:07:06] [main/INFO] [LaunchWrapper]: Calling tweak class cpw.mods.fml.common.launcher.FMLTweaker
[12:09:58] [main/INFO] [GradleStart]: Extra: []
[12:09:58] [main/INFO] [GradleStart]: Running with arguments: [--userProperties, {}, --accessToken, {REDACTED}, --assetIndex, 1.7.10, --assetsDir, C:/Users/Tod/.gradle/caches/minecraft/assets, --version, 1.7.10, --tweakClass, cpw.mods.fml.common.launcher.FMLTweaker, --tweakClass, net.minecraftforge.gradle.GradleStartCommon$GradleStartTweaker]
[12:09:58] [main/INFO] [LaunchWrapper]: Loading tweak class name cpw.mods.fml.common.launcher.FMLTweaker
[12:09:58] [main/INFO] [LaunchWrapper]: Using primary tweak class name cpw.mods.fml.common.launcher.FMLTweaker
[12:09:58] [main/INFO] [LaunchWrapper]: Loading tweak class name net.minecraftforge.gradle.GradleStartCommon$GradleStartTweaker
[12:09:58] [main/INFO] [LaunchWrapper]: Calling tweak class cpw.mods.fml.common.launcher.FMLTweaker
[12:11:23] [main/INFO] [GradleStart]: Extra: []
[12:11:24] [main/INFO] [GradleStart]: Running with arguments: [--userProperties, {}, --accessToken, {REDACTED}, --assetIndex, 1.7.10, --assetsDir, C:/Users/Tod/.gradle/caches/minecraft/assets, --version, 1.7.10, --tweakClass, cpw.mods.fml.common.launcher.FMLTweaker, --tweakClass, net.minecraftforge.gradle.GradleStartCommon$GradleStartTweaker]
[12:11:24] [main/INFO] [LaunchWrapper]: Loading tweak class name cpw.mods.fml.common.launcher.FMLTweaker
[12:11:24] [main/INFO] [LaunchWrapper]: Using primary tweak class name cpw.mods.fml.common.launcher.FMLTweaker
[12:11:24] [main/INFO] [LaunchWrapper]: Loading tweak class name net.minecraftforge.gradle.GradleStartCommon$GradleStartTweaker
[12:11:24] [main/INFO] [LaunchWrapper]: Calling tweak class cpw.mods.fml.common.launcher.FMLTweaker
[12:12:51] [main/INFO] [GradleStart]: Extra: []
[12:12:51] [main/INFO] [GradleStart]: Running with arguments: [--userProperties, {}, --accessToken, {REDACTED}, --assetIndex, 1.7.10, --assetsDir, C:/Users/Tod/.gradle/caches/minecraft/assets, --version, 1.7.10, --tweakClass, cpw.mods.fml.common.launcher.FMLTweaker, --tweakClass, net.minecraftforge.gradle.GradleStartCommon$GradleStartTweaker]
[12:12:51] [main/INFO] [LaunchWrapper]: Loading tweak class name cpw.mods.fml.common.launcher.FMLTweaker
[12:12:51] [main/INFO] [LaunchWrapper]: Using primary tweak class name cpw.mods.fml.common.launcher.FMLTweaker
[12:12:51] [main/INFO] [LaunchWrapper]: Loading tweak class name net.minecraftforge.gradle.GradleStartCommon$GradleStartTweaker
[12:12:51] [main/INFO] [LaunchWrapper]: Calling tweak class cpw.mods.fml.common.launcher.FMLTweaker
[12:15:16] [main/INFO] [GradleStart]: Extra: []
[12:15:16] [main/INFO] [GradleStart]: Running with arguments: [--userProperties, {}, --accessToken, {REDACTED}, --assetIndex, 1.7.10, --assetsDir, C:/Users/Tod/.gradle/caches/minecraft/assets, --version, 1.7.10, --tweakClass, cpw.mods.fml.common.launcher.FMLTweaker, --tweakClass, net.minecraftforge.gradle.GradleStartCommon$GradleStartTweaker]
[12:15:17] [main/INFO] [LaunchWrapper]: Loading tweak class name cpw.mods.fml.common.launcher.FMLTweaker
[12:15:17] [main/INFO] [LaunchWrapper]: Using primary tweak class name cpw.mods.fml.common.launcher.FMLTweaker
[12:15:17] [main/INFO] [LaunchWrapper]: Loading tweak class name net.minecraftforge.gradle.GradleStartCommon$GradleStartTweaker
[12:15:17] [main/INFO] [LaunchWrapper]: Calling tweak class cpw.mods.fml.common.launcher.FMLTweaker
[12:28:15] [main/INFO] [GradleStart]: Extra: []
[12:28:15] [main/INFO] [GradleStart]: Running with arguments: [--userProperties, {}, --accessToken, {REDACTED}, --assetIndex, 1.7.10, --assetsDir, C:/Users/Tod/.gradle/caches/minecraft/assets, --version, 1.7.10, --tweakClass, cpw.mods.fml.common.launcher.FMLTweaker, --tweakClass, net.minecraftforge.gradle.GradleStartCommon$GradleStartTweaker]
[12:28:15] [main/INFO] [LaunchWrapper]: Loading tweak class name cpw.mods.fml.common.launcher.FMLTweaker
[12:28:15] [main/INFO] [LaunchWrapper]: Using primary tweak class name cpw.mods.fml.common.launcher.FMLTweaker
[12:28:15] [main/INFO] [LaunchWrapper]: Loading tweak class name net.minecraftforge.gradle.GradleStartCommon$GradleStartTweaker
[12:28:15] [main/INFO] [LaunchWrapper]: Calling tweak class cpw.mods.fml.common.launcher.FMLTweaker
[12:55:59] [main/INFO] [GradleStart]: Extra: []
[12:55:59] [main/INFO] [GradleStart]: Running with arguments: [--userProperties, {}, --accessToken, {REDACTED}, --assetIndex, 1.7.10, --assetsDir, C:/Users/Tod/.gradle/caches/minecraft/assets, --version, 1.7.10, --tweakClass, cpw.mods.fml.common.launcher.FMLTweaker, --tweakClass, net.minecraftforge.gradle.GradleStartCommon$GradleStartTweaker]
[12:55:59] [main/INFO] [LaunchWrapper]: Loading tweak class name cpw.mods.fml.common.launcher.FMLTweaker
[12:55:59] [main/INFO] [LaunchWrapper]: Using primary tweak class name cpw.mods.fml.common.launcher.FMLTweaker
[12:55:59] [main/INFO] [LaunchWrapper]: Loading tweak class name net.minecraftforge.gradle.GradleStartCommon$GradleStartTweaker
[12:55:59] [main/INFO] [LaunchWrapper]: Calling tweak class cpw.mods.fml.common.launcher.FMLTweaker
[13:00:57] [main/INFO] [GradleStart]: Extra: []
[13:00:57] [main/INFO] [GradleStart]: Running with arguments: [--userProperties, {}, --accessToken, {REDACTED}, --assetIndex, 1.7.10, --assetsDir, C:/Users/Tod/.gradle/caches/minecraft/assets, --version, 1.7.10, --tweakClass, cpw.mods.fml.common.launcher.FMLTweaker, --tweakClass, net.minecraftforge.gradle.GradleStartCommon$GradleStartTweaker]
[13:00:57] [main/INFO] [LaunchWrapper]: Loading tweak class name cpw.mods.fml.common.launcher.FMLTweaker
[13:00:57] [main/INFO] [LaunchWrapper]: Using primary tweak class name cpw.mods.fml.common.launcher.FMLTweaker
[13:00:57] [main/INFO] [LaunchWrapper]: Loading tweak class name net.minecraftforge.gradle.GradleStartCommon$GradleStartTweaker
[13:00:57] [main/INFO] [LaunchWrapper]: Calling tweak class cpw.mods.fml.common.launcher.FMLTweaker
[13:02:27] [main/INFO] [GradleStart]: Extra: []
[13:02:27] [main/INFO] [GradleStart]: Running with arguments: [--userProperties, {}, --accessToken, {REDACTED}, --assetIndex, 1.7.10, --assetsDir, C:/Users/Tod/.gradle/caches/minecraft/assets, --version, 1.7.10, --tweakClass, cpw.mods.fml.common.launcher.FMLTweaker, --tweakClass, net.minecraftforge.gradle.GradleStartCommon$GradleStartTweaker]
[13:02:27] [main/INFO] [LaunchWrapper]: Loading tweak class name cpw.mods.fml.common.launcher.FMLTweaker
[13:02:27] [main/INFO] [LaunchWrapper]: Using primary tweak class name cpw.mods.fml.common.launcher.FMLTweaker
[13:02:27] [main/INFO] [LaunchWrapper]: Loading tweak class name net.minecraftforge.gradle.GradleStartCommon$GradleStartTweaker
[13:02:27] [main/INFO] [LaunchWrapper]: Calling tweak class cpw.mods.fml.common.launcher.FMLTweaker
[13:07:28] [main/INFO] [GradleStart]: Extra: []
[13:07:28] [main/INFO] [GradleStart]: Running with arguments: [--userProperties, {}, --accessToken, {REDACTED}, --assetIndex, 1.7.10, --assetsDir, C:/Users/Tod/.gradle/caches/minecraft/assets, --version, 1.7.10, --tweakClass, cpw.mods.fml.common.launcher.FMLTweaker, --tweakClass, net.minecraftforge.gradle.GradleStartCommon$GradleStartTweaker]
[13:07:28] [main/INFO] [LaunchWrapper]: Loading tweak class name cpw.mods.fml.common.launcher.FMLTweaker
[13:07:28] [main/INFO] [LaunchWrapper]: Using primary tweak class name cpw.mods.fml.common.launcher.FMLTweaker
[13:07:28] [main/INFO] [LaunchWrapper]: Loading tweak class name net.minecraftforge.gradle.GradleStartCommon$GradleStartTweaker
[13:07:28] [main/INFO] [LaunchWrapper]: Calling tweak class cpw.mods.fml.common.launcher.FMLTweaker
[13:13:07] [main/INFO] [GradleStart]: Extra: []
[13:13:07] [main/INFO] [GradleStart]: Running with arguments: [--userProperties, {}, --accessToken, {REDACTED}, --assetIndex, 1.7.10, --assetsDir, C:/Users/Tod/.gradle/caches/minecraft/assets, --version, 1.7.10, --tweakClass, cpw.mods.fml.common.launcher.FMLTweaker, --tweakClass, net.minecraftforge.gradle.GradleStartCommon$GradleStartTweaker]
[13:13:07] [main/INFO] [LaunchWrapper]: Loading tweak class name cpw.mods.fml.common.launcher.FMLTweaker
[13:13:07] [main/INFO] [LaunchWrapper]: Using primary tweak class name cpw.mods.fml.common.launcher.FMLTweaker
[13:13:07] [main/INFO] [LaunchWrapper]: Loading tweak class name net.minecraftforge.gradle.GradleStartCommon$GradleStartTweaker
[13:13:07] [main/INFO] [LaunchWrapper]: Calling tweak class cpw.mods.fml.common.launcher.FMLTweaker
[13:22:33] [main/INFO] [GradleStart]: Extra: []
[13:22:33] [main/INFO] [GradleStart]: Running with arguments: [--userProperties, {}, --accessToken, {REDACTED}, --assetIndex, 1.7.10, --assetsDir, C:/Users/Tod/.gradle/caches/minecraft/assets, --version, 1.7.10, --tweakClass, cpw.mods.fml.common.launcher.FMLTweaker, --tweakClass, net.minecraftforge.gradle.GradleStartCommon$GradleStartTweaker]
[13:22:33] [main/INFO] [LaunchWrapper]: Loading tweak class name cpw.mods.fml.common.launcher.FMLTweaker
[13:22:33] [main/INFO] [LaunchWrapper]: Using primary tweak class name cpw.mods.fml.common.launcher.FMLTweaker
[13:22:33] [main/INFO] [LaunchWrapper]: Loading tweak class name net.minecraftforge.gradle.GradleStartCommon$GradleStartTweaker
[13:22:33] [main/INFO] [LaunchWrapper]: Calling tweak class cpw.mods.fml.common.launcher.FMLTweaker
[13:22:56] [main/INFO] [GradleStart]: Extra: []
[13:22:56] [main/INFO] [GradleStart]: Running with arguments: [--userProperties, {}, --accessToken, {REDACTED}, --assetIndex, 1.7.10, --assetsDir, C:/Users/Tod/.gradle/caches/minecraft/assets, --version, 1.7.10, --tweakClass, cpw.mods.fml.common.launcher.FMLTweaker, --tweakClass, net.minecraftforge.gradle.GradleStartCommon$GradleStartTweaker]
[13:22:56] [main/INFO] [LaunchWrapper]: Loading tweak class name cpw.mods.fml.common.launcher.FMLTweaker
[13:22:56] [main/INFO] [LaunchWrapper]: Using primary tweak class name cpw.mods.fml.common.launcher.FMLTweaker
[13:22:56] [main/INFO] [LaunchWrapper]: Loading tweak class name net.minecraftforge.gradle.GradleStartCommon$GradleStartTweaker
[13:22:56] [main/INFO] [LaunchWrapper]: Calling tweak class cpw.mods.fml.common.launcher.FMLTweaker
[13:44:50] [main/INFO] [GradleStart]: Extra: []
[13:44:50] [main/INFO] [GradleStart]: Running with arguments: [--userProperties, {}, --accessToken, {REDACTED}, --assetIndex, 1.7.10, --assetsDir, C:/Users/Tod/.gradle/caches/minecraft/assets, --version, 1.7.10, --tweakClass, cpw.mods.fml.common.launcher.FMLTweaker, --tweakClass, net.minecraftforge.gradle.GradleStartCommon$GradleStartTweaker]
[13:44:50] [main/INFO] [LaunchWrapper]: Loading tweak class name cpw.mods.fml.common.launcher.FMLTweaker
[13:44:50] [main/INFO] [LaunchWrapper]: Using primary tweak class name cpw.mods.fml.common.launcher.FMLTweaker
[13:44:50] [main/INFO] [LaunchWrapper]: Loading tweak class name net.minecraftforge.gradle.GradleStartCommon$GradleStartTweaker
[13:44:50] [main/INFO] [LaunchWrapper]: Calling tweak class cpw.mods.fml.common.launcher.FMLTweaker
[13:50:50] [main/INFO] [GradleStart]: Extra: []
[13:50:50] [main/INFO] [GradleStart]: Running with arguments: [--userProperties, {}, --accessToken, {REDACTED}, --assetIndex, 1.7.10, --assetsDir, C:/Users/Tod/.gradle/caches/minecraft/assets, --version, 1.7.10, --tweakClass, cpw.mods.fml.common.launcher.FMLTweaker, --tweakClass, net.minecraftforge.gradle.GradleStartCommon$GradleStartTweaker]
[13:50:50] [main/INFO] [LaunchWrapper]: Loading tweak class name cpw.mods.fml.common.launcher.FMLTweaker
[13:50:50] [main/INFO] [LaunchWrapper]: Using primary tweak class name cpw.mods.fml.common.launcher.FMLTweaker
[13:50:50] [main/INFO] [LaunchWrapper]: Loading tweak class name net.minecraftforge.gradle.GradleStartCommon$GradleStartTweaker
[13:50:50] [main/INFO] [LaunchWrapper]: Calling tweak class cpw.mods.fml.common.launcher.FMLTweaker
[13:59:51] [main/INFO] [GradleStart]: Extra: []
[13:59:51] [main/INFO] [GradleStart]: Running with arguments: [--userProperties, {}, --accessToken, {REDACTED}, --assetIndex, 1.7.10, --assetsDir, C:/Users/Tod/.gradle/caches/minecraft/assets, --version, 1.7.10, --tweakClass, cpw.mods.fml.common.launcher.FMLTweaker, --tweakClass, net.minecraftforge.gradle.GradleStartCommon$GradleStartTweaker]
[13:59:51] [main/INFO] [LaunchWrapper]: Loading tweak class name cpw.mods.fml.common.launcher.FMLTweaker
[13:59:51] [main/INFO] [LaunchWrapper]: Using primary tweak class name cpw.mods.fml.common.launcher.FMLTweaker
[13:59:51] [main/INFO] [LaunchWrapper]: Loading tweak class name net.minecraftforge.gradle.GradleStartCommon$GradleStartTweaker
[13:59:51] [main/INFO] [LaunchWrapper]: Calling tweak class cpw.mods.fml.common.launcher.FMLTweaker
[16:47:11] [main/INFO] [GradleStart]: Extra: []
[16:47:11] [main/INFO] [GradleStart]: Running with arguments: [--userProperties, {}, --accessToken, {REDACTED}, --assetIndex, 1.7.10, --assetsDir, C:/Users/Tod/.gradle/caches/minecraft/assets, --version, 1.7.10, --tweakClass, cpw.mods.fml.common.launcher.FMLTweaker, --tweakClass, net.minecraftforge.gradle.GradleStartCommon$GradleStartTweaker]
[16:47:11] [main/INFO] [LaunchWrapper]: Loading tweak class name cpw.mods.fml.common.launcher.FMLTweaker
[16:47:11] [main/INFO] [LaunchWrapper]: Using primary tweak class name cpw.mods.fml.common.launcher.FMLTweaker
[16:47:11] [main/INFO] [LaunchWrapper]: Loading tweak class name net.minecraftforge.gradle.GradleStartCommon$GradleStartTweaker
[16:47:11] [main/INFO] [LaunchWrapper]: Calling tweak class cpw.mods.fml.common.launcher.FMLTweaker
[20:39:37] [main/INFO] [GradleStart]: Extra: []
[20:39:37] [main/INFO] [GradleStart]: Running with arguments: [--userProperties, {}, --accessToken, {REDACTED}, --assetIndex, 1.7.10, --assetsDir, C:/Users/Tod/.gradle/caches/minecraft/assets, --version, 1.7.10, --tweakClass, cpw.mods.fml.common.launcher.FMLTweaker, --tweakClass, net.minecraftforge.gradle.GradleStartCommon$GradleStartTweaker]
[20:39:38] [main/INFO] [LaunchWrapper]: Loading tweak class name cpw.mods.fml.common.launcher.FMLTweaker
[20:39:38] [main/INFO] [LaunchWrapper]: Using primary tweak class name cpw.mods.fml.common.launcher.FMLTweaker
[20:39:38] [main/INFO] [LaunchWrapper]: Loading tweak class name net.minecraftforge.gradle.GradleStartCommon$GradleStartTweaker
[20:39:38] [main/INFO] [LaunchWrapper]: Calling tweak class cpw.mods.fml.common.launcher.FMLTweaker
[17:05:03] [main/INFO] [GradleStart]: Extra: []
[17:05:03] [main/INFO] [GradleStart]: Running with arguments: [--userProperties, {}, --accessToken, {REDACTED}, --assetIndex, 1.7.10, --assetsDir, C:/Users/Tod/.gradle/caches/minecraft/assets, --version, 1.7.10, --tweakClass, cpw.mods.fml.common.launcher.FMLTweaker, --tweakClass, net.minecraftforge.gradle.GradleStartCommon$GradleStartTweaker]
[17:05:03] [main/INFO] [LaunchWrapper]: Loading tweak class name cpw.mods.fml.common.launcher.FMLTweaker
[17:05:03] [main/INFO] [LaunchWrapper]: Using primary tweak class name cpw.mods.fml.common.launcher.FMLTweaker
[17:05:03] [main/INFO] [LaunchWrapper]: Loading tweak class name net.minecraftforge.gradle.GradleStartCommon$GradleStartTweaker
[17:05:03] [main/INFO] [LaunchWrapper]: Calling tweak class cpw.mods.fml.common.launcher.FMLTweaker
[17:17:08] [main/INFO] [GradleStart]: Extra: []
[17:17:08] [main/INFO] [GradleStart]: Running with arguments: [--userProperties, {}, --accessToken, {REDACTED}, --assetIndex, 1.7.10, --assetsDir, C:/Users/Tod/.gradle/caches/minecraft/assets, --version, 1.7.10, --tweakClass, cpw.mods.fml.common.launcher.FMLTweaker, --tweakClass, net.minecraftforge.gradle.GradleStartCommon$GradleStartTweaker]
[17:17:08] [main/INFO] [LaunchWrapper]: Loading tweak class name cpw.mods.fml.common.launcher.FMLTweaker
[17:17:08] [main/INFO] [LaunchWrapper]: Using primary tweak class name cpw.mods.fml.common.launcher.FMLTweaker
[17:17:08] [main/INFO] [LaunchWrapper]: Loading tweak class name net.minecraftforge.gradle.GradleStartCommon$GradleStartTweaker
[17:17:08] [main/INFO] [LaunchWrapper]: Calling tweak class cpw.mods.fml.common.launcher.FMLTweaker
[17:27:26] [main/INFO] [GradleStart]: Extra: []
[17:27:26] [main/INFO] [GradleStart]: Running with arguments: [--userProperties, {}, --accessToken, {REDACTED}, --assetIndex, 1.7.10, --assetsDir, C:/Users/Tod/.gradle/caches/minecraft/assets, --version, 1.7.10, --tweakClass, cpw.mods.fml.common.launcher.FMLTweaker, --tweakClass, net.minecraftforge.gradle.GradleStartCommon$GradleStartTweaker]
[17:27:26] [main/INFO] [LaunchWrapper]: Loading tweak class name cpw.mods.fml.common.launcher.FMLTweaker
[17:27:26] [main/INFO] [LaunchWrapper]: Using primary tweak class name cpw.mods.fml.common.launcher.FMLTweaker
[17:27:26] [main/INFO] [LaunchWrapper]: Loading tweak class name net.minecraftforge.gradle.GradleStartCommon$GradleStartTweaker
[17:27:26] [main/INFO] [LaunchWrapper]: Calling tweak class cpw.mods.fml.common.launcher.FMLTweaker
[17:30:21] [main/INFO] [GradleStart]: Extra: []
[17:30:21] [main/INFO] [GradleStart]: Running with arguments: [--userProperties, {}, --accessToken, {REDACTED}, --assetIndex, 1.7.10, --assetsDir, C:/Users/Tod/.gradle/caches/minecraft/assets, --version, 1.7.10, --tweakClass, cpw.mods.fml.common.launcher.FMLTweaker, --tweakClass, net.minecraftforge.gradle.GradleStartCommon$GradleStartTweaker]
[17:30:21] [main/INFO] [LaunchWrapper]: Loading tweak class name cpw.mods.fml.common.launcher.FMLTweaker
[17:30:21] [main/INFO] [LaunchWrapper]: Using primary tweak class name cpw.mods.fml.common.launcher.FMLTweaker
[17:30:21] [main/INFO] [LaunchWrapper]: Loading tweak class name net.minecraftforge.gradle.GradleStartCommon$GradleStartTweaker
[17:30:21] [main/INFO] [LaunchWrapper]: Calling tweak class cpw.mods.fml.common.launcher.FMLTweaker
[17:48:19] [main/INFO] [GradleStart]: Extra: []
[17:48:19] [main/INFO] [GradleStart]: Running with arguments: [--userProperties, {}, --accessToken, {REDACTED}, --assetIndex, 1.7.10, --assetsDir, C:/Users/Tod/.gradle/caches/minecraft/assets, --version, 1.7.10, --tweakClass, cpw.mods.fml.common.launcher.FMLTweaker, --tweakClass, net.minecraftforge.gradle.GradleStartCommon$GradleStartTweaker]
[17:48:19] [main/INFO] [LaunchWrapper]: Loading tweak class name cpw.mods.fml.common.launcher.FMLTweaker
[17:48:19] [main/INFO] [LaunchWrapper]: Using primary tweak class name cpw.mods.fml.common.launcher.FMLTweaker
[17:48:19] [main/INFO] [LaunchWrapper]: Loading tweak class name net.minecraftforge.gradle.GradleStartCommon$GradleStartTweaker
[17:48:19] [main/INFO] [LaunchWrapper]: Calling tweak class cpw.mods.fml.common.launcher.FMLTweaker
[17:58:26] [main/INFO] [GradleStart]: Extra: []
[17:58:26] [main/INFO] [GradleStart]: Running with arguments: [--userProperties, {}, --accessToken, {REDACTED}, --assetIndex, 1.7.10, --assetsDir, C:/Users/Tod/.gradle/caches/minecraft/assets, --version, 1.7.10, --tweakClass, cpw.mods.fml.common.launcher.FMLTweaker, --tweakClass, net.minecraftforge.gradle.GradleStartCommon$GradleStartTweaker]
[17:58:26] [main/INFO] [LaunchWrapper]: Loading tweak class name cpw.mods.fml.common.launcher.FMLTweaker
[17:58:26] [main/INFO] [LaunchWrapper]: Using primary tweak class name cpw.mods.fml.common.launcher.FMLTweaker
[17:58:26] [main/INFO] [LaunchWrapper]: Loading tweak class name net.minecraftforge.gradle.GradleStartCommon$GradleStartTweaker
[17:58:26] [main/INFO] [LaunchWrapper]: Calling tweak class cpw.mods.fml.common.launcher.FMLTweaker
[19:05:50] [main/INFO] [GradleStart]: Extra: []
[19:05:50] [main/INFO] [GradleStart]: Running with arguments: [--userProperties, {}, --accessToken, {REDACTED}, --assetIndex, 1.7.10, --assetsDir, C:/Users/Tod/.gradle/caches/minecraft/assets, --version, 1.7.10, --tweakClass, cpw.mods.fml.common.launcher.FMLTweaker, --tweakClass, net.minecraftforge.gradle.GradleStartCommon$GradleStartTweaker]
[19:05:50] [main/INFO] [LaunchWrapper]: Loading tweak class name cpw.mods.fml.common.launcher.FMLTweaker
[19:05:50] [main/INFO] [LaunchWrapper]: Using primary tweak class name cpw.mods.fml.common.launcher.FMLTweaker
[19:05:50] [main/INFO] [LaunchWrapper]: Loading tweak class name net.minecraftforge.gradle.GradleStartCommon$GradleStartTweaker
[19:05:50] [main/INFO] [LaunchWrapper]: Calling tweak class cpw.mods.fml.common.launcher.FMLTweaker
[19:06:27] [main/INFO] [GradleStart]: Extra: []
[19:06:27] [main/INFO] [GradleStart]: Running with arguments: [--userProperties, {}, --accessToken, {REDACTED}, --assetIndex, 1.7.10, --assetsDir, C:/Users/Tod/.gradle/caches/minecraft/assets, --version, 1.7.10, --tweakClass, cpw.mods.fml.common.launcher.FMLTweaker, --tweakClass, net.minecraftforge.gradle.GradleStartCommon$GradleStartTweaker]
[19:06:27] [main/INFO] [LaunchWrapper]: Loading tweak class name cpw.mods.fml.common.launcher.FMLTweaker
[19:06:27] [main/INFO] [LaunchWrapper]: Using primary tweak class name cpw.mods.fml.common.launcher.FMLTweaker
[19:06:27] [main/INFO] [LaunchWrapper]: Loading tweak class name net.minecraftforge.gradle.GradleStartCommon$GradleStartTweaker
[19:06:27] [main/INFO] [LaunchWrapper]: Calling tweak class cpw.mods.fml.common.launcher.FMLTweaker
[19:06:54] [main/INFO] [GradleStart]: Extra: []
[19:06:54] [main/INFO] [GradleStart]: Running with arguments: [--userProperties, {}, --accessToken, {REDACTED}, --assetIndex, 1.7.10, --assetsDir, C:/Users/Tod/.gradle/caches/minecraft/assets, --version, 1.7.10, --tweakClass, cpw.mods.fml.common.launcher.FMLTweaker, --tweakClass, net.minecraftforge.gradle.GradleStartCommon$GradleStartTweaker]
[19:06:54] [main/INFO] [LaunchWrapper]: Loading tweak class name cpw.mods.fml.common.launcher.FMLTweaker
[19:06:54] [main/INFO] [LaunchWrapper]: Using primary tweak class name cpw.mods.fml.common.launcher.FMLTweaker
[19:06:54] [main/INFO] [LaunchWrapper]: Loading tweak class name net.minecraftforge.gradle.GradleStartCommon$GradleStartTweaker
[19:06:54] [main/INFO] [LaunchWrapper]: Calling tweak class cpw.mods.fml.common.launcher.FMLTweaker
[19:07:45] [main/INFO] [GradleStart]: Extra: []
[19:07:45] [main/INFO] [GradleStart]: Running with arguments: [--userProperties, {}, --accessToken, {REDACTED}, --assetIndex, 1.7.10, --assetsDir, C:/Users/Tod/.gradle/caches/minecraft/assets, --version, 1.7.10, --tweakClass, cpw.mods.fml.common.launcher.FMLTweaker, --tweakClass, net.minecraftforge.gradle.GradleStartCommon$GradleStartTweaker]
[19:07:45] [main/INFO] [LaunchWrapper]: Loading tweak class name cpw.mods.fml.common.launcher.FMLTweaker
[19:07:45] [main/INFO] [LaunchWrapper]: Using primary tweak class name cpw.mods.fml.common.launcher.FMLTweaker
[19:07:45] [main/INFO] [LaunchWrapper]: Loading tweak class name net.minecraftforge.gradle.GradleStartCommon$GradleStartTweaker
[19:07:45] [main/INFO] [LaunchWrapper]: Calling tweak class cpw.mods.fml.common.launcher.FMLTweaker
[19:10:08] [main/INFO] [GradleStart]: Extra: []
[19:10:08] [main/INFO] [GradleStart]: Running with arguments: [--userProperties, {}, --accessToken, {REDACTED}, --assetIndex, 1.7.10, --assetsDir, C:/Users/Tod/.gradle/caches/minecraft/assets, --version, 1.7.10, --tweakClass, cpw.mods.fml.common.launcher.FMLTweaker, --tweakClass, net.minecraftforge.gradle.GradleStartCommon$GradleStartTweaker]
[19:10:08] [main/INFO] [LaunchWrapper]: Loading tweak class name cpw.mods.fml.common.launcher.FMLTweaker
[19:10:08] [main/INFO] [LaunchWrapper]: Using primary tweak class name cpw.mods.fml.common.launcher.FMLTweaker
[19:10:08] [main/INFO] [LaunchWrapper]: Loading tweak class name net.minecraftforge.gradle.GradleStartCommon$GradleStartTweaker
[19:10:08] [main/INFO] [LaunchWrapper]: Calling tweak class cpw.mods.fml.common.launcher.FMLTweaker
[19:16:41] [main/INFO] [GradleStart]: Extra: []
[19:16:42] [main/INFO] [GradleStart]: Running with arguments: [--userProperties, {}, --accessToken, {REDACTED}, --assetIndex, 1.7.10, --assetsDir, C:/Users/Tod/.gradle/caches/minecraft/assets, --version, 1.7.10, --tweakClass, cpw.mods.fml.common.launcher.FMLTweaker, --tweakClass, net.minecraftforge.gradle.GradleStartCommon$GradleStartTweaker]
[19:16:42] [main/INFO] [LaunchWrapper]: Loading tweak class name cpw.mods.fml.common.launcher.FMLTweaker
[19:16:42] [main/INFO] [LaunchWrapper]: Using primary tweak class name cpw.mods.fml.common.launcher.FMLTweaker
[19:16:42] [main/INFO] [LaunchWrapper]: Loading tweak class name net.minecraftforge.gradle.GradleStartCommon$GradleStartTweaker
[19:16:42] [main/INFO] [LaunchWrapper]: Calling tweak class cpw.mods.fml.common.launcher.FMLTweaker
[19:22:40] [main/INFO] [GradleStart]: Extra: []
[19:22:40] [main/INFO] [GradleStart]: Running with arguments: [--userProperties, {}, --accessToken, {REDACTED}, --assetIndex, 1.7.10, --assetsDir, C:/Users/Tod/.gradle/caches/minecraft/assets, --version, 1.7.10, --tweakClass, cpw.mods.fml.common.launcher.FMLTweaker, --tweakClass, net.minecraftforge.gradle.GradleStartCommon$GradleStartTweaker]
[19:22:40] [main/INFO] [LaunchWrapper]: Loading tweak class name cpw.mods.fml.common.launcher.FMLTweaker
[19:22:40] [main/INFO] [LaunchWrapper]: Using primary tweak class name cpw.mods.fml.common.launcher.FMLTweaker
[19:22:40] [main/INFO] [LaunchWrapper]: Loading tweak class name net.minecraftforge.gradle.GradleStartCommon$GradleStartTweaker
[19:22:40] [main/INFO] [LaunchWrapper]: Calling tweak class cpw.mods.fml.common.launcher.FMLTweaker
[19:23:16] [main/INFO] [GradleStart]: Extra: []
[19:23:16] [main/INFO] [GradleStart]: Running with arguments: [--userProperties, {}, --accessToken, {REDACTED}, --assetIndex, 1.7.10, --assetsDir, C:/Users/Tod/.gradle/caches/minecraft/assets, --version, 1.7.10, --tweakClass, cpw.mods.fml.common.launcher.FMLTweaker, --tweakClass, net.minecraftforge.gradle.GradleStartCommon$GradleStartTweaker]
[19:23:16] [main/INFO] [LaunchWrapper]: Loading tweak class name cpw.mods.fml.common.launcher.FMLTweaker
[19:23:16] [main/INFO] [LaunchWrapper]: Using primary tweak class name cpw.mods.fml.common.launcher.FMLTweaker
[19:23:16] [main/INFO] [LaunchWrapper]: Loading tweak class name net.minecraftforge.gradle.GradleStartCommon$GradleStartTweaker
[19:23:16] [main/INFO] [LaunchWrapper]: Calling tweak class cpw.mods.fml.common.launcher.FMLTweaker
[19:25:21] [main/INFO] [GradleStart]: Extra: []
[19:25:22] [main/INFO] [GradleStart]: Running with arguments: [--userProperties, {}, --accessToken, {REDACTED}, --assetIndex, 1.7.10, --assetsDir, C:/Users/Tod/.gradle/caches/minecraft/assets, --version, 1.7.10, --tweakClass, cpw.mods.fml.common.launcher.FMLTweaker, --tweakClass, net.minecraftforge.gradle.GradleStartCommon$GradleStartTweaker]
[19:25:22] [main/INFO] [LaunchWrapper]: Loading tweak class name cpw.mods.fml.common.launcher.FMLTweaker
[19:25:22] [main/INFO] [LaunchWrapper]: Using primary tweak class name cpw.mods.fml.common.launcher.FMLTweaker
[19:25:22] [main/INFO] [LaunchWrapper]: Loading tweak class name net.minecraftforge.gradle.GradleStartCommon$GradleStartTweaker
[19:25:22] [main/INFO] [LaunchWrapper]: Calling tweak class cpw.mods.fml.common.launcher.FMLTweaker
[19:26:06] [main/INFO] [GradleStart]: Extra: []
[19:26:06] [main/INFO] [GradleStart]: Running with arguments: [--userProperties, {}, --accessToken, {REDACTED}, --assetIndex, 1.7.10, --assetsDir, C:/Users/Tod/.gradle/caches/minecraft/assets, --version, 1.7.10, --tweakClass, cpw.mods.fml.common.launcher.FMLTweaker, --tweakClass, net.minecraftforge.gradle.GradleStartCommon$GradleStartTweaker]
[19:26:06] [main/INFO] [LaunchWrapper]: Loading tweak class name cpw.mods.fml.common.launcher.FMLTweaker
[19:26:06] [main/INFO] [LaunchWrapper]: Using primary tweak class name cpw.mods.fml.common.launcher.FMLTweaker
[19:26:06] [main/INFO] [LaunchWrapper]: Loading tweak class name net.minecraftforge.gradle.GradleStartCommon$GradleStartTweaker
[19:26:06] [main/INFO] [LaunchWrapper]: Calling tweak class cpw.mods.fml.common.launcher.FMLTweaker
[19:28:20] [main/INFO] [GradleStart]: Extra: []
[19:28:20] [main/INFO] [GradleStart]: Running with arguments: [--userProperties, {}, --accessToken, {REDACTED}, --assetIndex, 1.7.10, --assetsDir, C:/Users/Tod/.gradle/caches/minecraft/assets, --version, 1.7.10, --tweakClass, cpw.mods.fml.common.launcher.FMLTweaker, --tweakClass, net.minecraftforge.gradle.GradleStartCommon$GradleStartTweaker]
[19:28:20] [main/INFO] [LaunchWrapper]: Loading tweak class name cpw.mods.fml.common.launcher.FMLTweaker
[19:28:20] [main/INFO] [LaunchWrapper]: Using primary tweak class name cpw.mods.fml.common.launcher.FMLTweaker
[19:28:21] [main/INFO] [LaunchWrapper]: Loading tweak class name net.minecraftforge.gradle.GradleStartCommon$GradleStartTweaker
[19:28:21] [main/INFO] [LaunchWrapper]: Calling tweak class cpw.mods.fml.common.launcher.FMLTweaker
[19:30:38] [main/INFO] [GradleStart]: Extra: []
[19:30:38] [main/INFO] [GradleStart]: Running with arguments: [--userProperties, {}, --accessToken, {REDACTED}, --assetIndex, 1.7.10, --assetsDir, C:/Users/Tod/.gradle/caches/minecraft/assets, --version, 1.7.10, --tweakClass, cpw.mods.fml.common.launcher.FMLTweaker, --tweakClass, net.minecraftforge.gradle.GradleStartCommon$GradleStartTweaker]
[19:30:38] [main/INFO] [LaunchWrapper]: Loading tweak class name cpw.mods.fml.common.launcher.FMLTweaker
[19:30:38] [main/INFO] [LaunchWrapper]: Using primary tweak class name cpw.mods.fml.common.launcher.FMLTweaker
[19:30:38] [main/INFO] [LaunchWrapper]: Loading tweak class name net.minecraftforge.gradle.GradleStartCommon$GradleStartTweaker
[19:30:38] [main/INFO] [LaunchWrapper]: Calling tweak class cpw.mods.fml.common.launcher.FMLTweaker
[19:34:05] [main/INFO] [GradleStart]: Extra: []
[19:34:05] [main/INFO] [GradleStart]: Running with arguments: [--userProperties, {}, --accessToken, {REDACTED}, --assetIndex, 1.7.10, --assetsDir, C:/Users/Tod/.gradle/caches/minecraft/assets, --version, 1.7.10, --tweakClass, cpw.mods.fml.common.launcher.FMLTweaker, --tweakClass, net.minecraftforge.gradle.GradleStartCommon$GradleStartTweaker]
[19:34:05] [main/INFO] [LaunchWrapper]: Loading tweak class name cpw.mods.fml.common.launcher.FMLTweaker
[19:34:05] [main/INFO] [LaunchWrapper]: Using primary tweak class name cpw.mods.fml.common.launcher.FMLTweaker
[19:34:05] [main/INFO] [LaunchWrapper]: Loading tweak class name net.minecraftforge.gradle.GradleStartCommon$GradleStartTweaker
[19:34:05] [main/INFO] [LaunchWrapper]: Calling tweak class cpw.mods.fml.common.launcher.FMLTweaker
[19:36:41] [main/INFO] [GradleStart]: Extra: []
[19:36:41] [main/INFO] [GradleStart]: Running with arguments: [--userProperties, {}, --accessToken, {REDACTED}, --assetIndex, 1.7.10, --assetsDir, C:/Users/Tod/.gradle/caches/minecraft/assets, --version, 1.7.10, --tweakClass, cpw.mods.fml.common.launcher.FMLTweaker, --tweakClass, net.minecraftforge.gradle.GradleStartCommon$GradleStartTweaker]
[19:36:41] [main/INFO] [LaunchWrapper]: Loading tweak class name cpw.mods.fml.common.launcher.FMLTweaker
[19:36:41] [main/INFO] [LaunchWrapper]: Using primary tweak class name cpw.mods.fml.common.launcher.FMLTweaker
[19:36:41] [main/INFO] [LaunchWrapper]: Loading tweak class name net.minecraftforge.gradle.GradleStartCommon$GradleStartTweaker
[19:36:41] [main/INFO] [LaunchWrapper]: Calling tweak class cpw.mods.fml.common.launcher.FMLTweaker
[19:43:29] [main/INFO] [GradleStart]: Extra: []
[19:43:29] [main/INFO] [GradleStart]: Running with arguments: [--userProperties, {}, --accessToken, {REDACTED}, --assetIndex, 1.7.10, --assetsDir, C:/Users/Tod/.gradle/caches/minecraft/assets, --version, 1.7.10, --tweakClass, cpw.mods.fml.common.launcher.FMLTweaker, --tweakClass, net.minecraftforge.gradle.GradleStartCommon$GradleStartTweaker]
[19:43:29] [main/INFO] [LaunchWrapper]: Loading tweak class name cpw.mods.fml.common.launcher.FMLTweaker
[19:43:29] [main/INFO] [LaunchWrapper]: Using primary tweak class name cpw.mods.fml.common.launcher.FMLTweaker
[19:43:29] [main/INFO] [LaunchWrapper]: Loading tweak class name net.minecraftforge.gradle.GradleStartCommon$GradleStartTweaker
[19:43:29] [main/INFO] [LaunchWrapper]: Calling tweak class cpw.mods.fml.common.launcher.FMLTweaker
[19:47:17] [main/INFO] [GradleStart]: Extra: []
[19:47:17] [main/INFO] [GradleStart]: Running with arguments: [--userProperties, {}, --accessToken, {REDACTED}, --assetIndex, 1.7.10, --assetsDir, C:/Users/Tod/.gradle/caches/minecraft/assets, --version, 1.7.10, --tweakClass, cpw.mods.fml.common.launcher.FMLTweaker, --tweakClass, net.minecraftforge.gradle.GradleStartCommon$GradleStartTweaker]
[19:47:17] [main/INFO] [LaunchWrapper]: Loading tweak class name cpw.mods.fml.common.launcher.FMLTweaker
[19:47:17] [main/INFO] [LaunchWrapper]: Using primary tweak class name cpw.mods.fml.common.launcher.FMLTweaker
[19:47:17] [main/INFO] [LaunchWrapper]: Loading tweak class name net.minecraftforge.gradle.GradleStartCommon$GradleStartTweaker
[19:47:17] [main/INFO] [LaunchWrapper]: Calling tweak class cpw.mods.fml.common.launcher.FMLTweaker
[20:00:05] [main/INFO] [GradleStart]: Extra: []
[20:00:06] [main/INFO] [GradleStart]: Running with arguments: [--userProperties, {}, --accessToken, {REDACTED}, --assetIndex, 1.7.10, --assetsDir, C:/Users/Tod/.gradle/caches/minecraft/assets, --version, 1.7.10, --tweakClass, cpw.mods.fml.common.launcher.FMLTweaker, --tweakClass, net.minecraftforge.gradle.GradleStartCommon$GradleStartTweaker]
[20:00:06] [main/INFO] [LaunchWrapper]: Loading tweak class name cpw.mods.fml.common.launcher.FMLTweaker
[20:00:06] [main/INFO] [LaunchWrapper]: Using primary tweak class name cpw.mods.fml.common.launcher.FMLTweaker
[20:00:06] [main/INFO] [LaunchWrapper]: Loading tweak class name net.minecraftforge.gradle.GradleStartCommon$GradleStartTweaker
[20:00:06] [main/INFO] [LaunchWrapper]: Calling tweak class cpw.mods.fml.common.launcher.FMLTweaker
[20:00:46] [main/INFO] [GradleStart]: Extra: []
[20:00:46] [main/INFO] [GradleStart]: Running with arguments: [--userProperties, {}, --accessToken, {REDACTED}, --assetIndex, 1.7.10, --assetsDir, C:/Users/Tod/.gradle/caches/minecraft/assets, --version, 1.7.10, --tweakClass, cpw.mods.fml.common.launcher.FMLTweaker, --tweakClass, net.minecraftforge.gradle.GradleStartCommon$GradleStartTweaker]
[20:00:46] [main/INFO] [LaunchWrapper]: Loading tweak class name cpw.mods.fml.common.launcher.FMLTweaker
[20:00:46] [main/INFO] [LaunchWrapper]: Using primary tweak class name cpw.mods.fml.common.launcher.FMLTweaker
[20:00:46] [main/INFO] [LaunchWrapper]: Loading tweak class name net.minecraftforge.gradle.GradleStartCommon$GradleStartTweaker
[20:00:46] [main/INFO] [LaunchWrapper]: Calling tweak class cpw.mods.fml.common.launcher.FMLTweaker
[20:01:16] [main/INFO] [GradleStart]: Extra: []
[20:01:16] [main/INFO] [GradleStart]: Running with arguments: [--userProperties, {}, --accessToken, {REDACTED}, --assetIndex, 1.7.10, --assetsDir, C:/Users/Tod/.gradle/caches/minecraft/assets, --version, 1.7.10, --tweakClass, cpw.mods.fml.common.launcher.FMLTweaker, --tweakClass, net.minecraftforge.gradle.GradleStartCommon$GradleStartTweaker]
[20:01:16] [main/INFO] [LaunchWrapper]: Loading tweak class name cpw.mods.fml.common.launcher.FMLTweaker
[20:01:16] [main/INFO] [LaunchWrapper]: Using primary tweak class name cpw.mods.fml.common.launcher.FMLTweaker
[20:01:16] [main/INFO] [LaunchWrapper]: Loading tweak class name net.minecraftforge.gradle.GradleStartCommon$GradleStartTweaker
[20:01:16] [main/INFO] [LaunchWrapper]: Calling tweak class cpw.mods.fml.common.launcher.FMLTweaker
[20:01:42] [main/INFO] [GradleStart]: Extra: []
[20:01:42] [main/INFO] [GradleStart]: Running with arguments: [--userProperties, {}, --accessToken, {REDACTED}, --assetIndex, 1.7.10, --assetsDir, C:/Users/Tod/.gradle/caches/minecraft/assets, --version, 1.7.10, --tweakClass, cpw.mods.fml.common.launcher.FMLTweaker, --tweakClass, net.minecraftforge.gradle.GradleStartCommon$GradleStartTweaker]
[20:01:42] [main/INFO] [LaunchWrapper]: Loading tweak class name cpw.mods.fml.common.launcher.FMLTweaker
[20:01:42] [main/INFO] [LaunchWrapper]: Using primary tweak class name cpw.mods.fml.common.launcher.FMLTweaker
[20:01:42] [main/INFO] [LaunchWrapper]: Loading tweak class name net.minecraftforge.gradle.GradleStartCommon$GradleStartTweaker
[20:01:42] [main/INFO] [LaunchWrapper]: Calling tweak class cpw.mods.fml.common.launcher.FMLTweaker
[20:02:50] [main/INFO] [GradleStart]: Extra: []
[20:02:50] [main/INFO] [GradleStart]: Running with arguments: [--userProperties, {}, --accessToken, {REDACTED}, --assetIndex, 1.7.10, --assetsDir, C:/Users/Tod/.gradle/caches/minecraft/assets, --version, 1.7.10, --tweakClass, cpw.mods.fml.common.launcher.FMLTweaker, --tweakClass, net.minecraftforge.gradle.GradleStartCommon$GradleStartTweaker]
[20:02:50] [main/INFO] [LaunchWrapper]: Loading tweak class name cpw.mods.fml.common.launcher.FMLTweaker
[20:02:50] [main/INFO] [LaunchWrapper]: Using primary tweak class name cpw.mods.fml.common.launcher.FMLTweaker
[20:02:50] [main/INFO] [LaunchWrapper]: Loading tweak class name net.minecraftforge.gradle.GradleStartCommon$GradleStartTweaker
[20:02:50] [main/INFO] [LaunchWrapper]: Calling tweak class cpw.mods.fml.common.launcher.FMLTweaker
[20:04:25] [main/INFO] [GradleStart]: Extra: []
[20:04:25] [main/INFO] [GradleStart]: Running with arguments: [--userProperties, {}, --accessToken, {REDACTED}, --assetIndex, 1.7.10, --assetsDir, C:/Users/Tod/.gradle/caches/minecraft/assets, --version, 1.7.10, --tweakClass, cpw.mods.fml.common.launcher.FMLTweaker, --tweakClass, net.minecraftforge.gradle.GradleStartCommon$GradleStartTweaker]
[20:04:25] [main/INFO] [LaunchWrapper]: Loading tweak class name cpw.mods.fml.common.launcher.FMLTweaker
[20:04:25] [main/INFO] [LaunchWrapper]: Using primary tweak class name cpw.mods.fml.common.launcher.FMLTweaker
[20:04:25] [main/INFO] [LaunchWrapper]: Loading tweak class name net.minecraftforge.gradle.GradleStartCommon$GradleStartTweaker
[20:04:25] [main/INFO] [LaunchWrapper]: Calling tweak class cpw.mods.fml.common.launcher.FMLTweaker
[20:25:16] [main/INFO] [GradleStart]: Extra: []
[20:25:16] [main/INFO] [GradleStart]: Running with arguments: [--userProperties, {}, --accessToken, {REDACTED}, --assetIndex, 1.7.10, --assetsDir, C:/Users/Tod/.gradle/caches/minecraft/assets, --version, 1.7.10, --tweakClass, cpw.mods.fml.common.launcher.FMLTweaker, --tweakClass, net.minecraftforge.gradle.GradleStartCommon$GradleStartTweaker]
[20:25:16] [main/INFO] [LaunchWrapper]: Loading tweak class name cpw.mods.fml.common.launcher.FMLTweaker
[20:25:16] [main/INFO] [LaunchWrapper]: Using primary tweak class name cpw.mods.fml.common.launcher.FMLTweaker
[20:25:16] [main/INFO] [LaunchWrapper]: Loading tweak class name net.minecraftforge.gradle.GradleStartCommon$GradleStartTweaker
[20:25:16] [main/INFO] [LaunchWrapper]: Calling tweak class cpw.mods.fml.common.launcher.FMLTweaker
[10:47:18] [main/INFO] [GradleStart]: Extra: []
[10:47:19] [main/INFO] [GradleStart]: Running with arguments: [--userProperties, {}, --accessToken, {REDACTED}, --assetIndex, 1.7.10, --assetsDir, C:/Users/Tod/.gradle/caches/minecraft/assets, --version, 1.7.10, --tweakClass, cpw.mods.fml.common.launcher.FMLTweaker, --tweakClass, net.minecraftforge.gradle.GradleStartCommon$GradleStartTweaker]
[10:47:19] [main/INFO] [LaunchWrapper]: Loading tweak class name cpw.mods.fml.common.launcher.FMLTweaker
[10:47:19] [main/INFO] [LaunchWrapper]: Using primary tweak class name cpw.mods.fml.common.launcher.FMLTweaker
[10:47:19] [main/INFO] [LaunchWrapper]: Loading tweak class name net.minecraftforge.gradle.GradleStartCommon$GradleStartTweaker
[10:47:19] [main/INFO] [LaunchWrapper]: Calling tweak class cpw.mods.fml.common.launcher.FMLTweaker
[10:59:23] [main/INFO] [GradleStart]: Extra: []
[10:59:23] [main/INFO] [GradleStart]: Running with arguments: [--userProperties, {}, --accessToken, {REDACTED}, --assetIndex, 1.7.10, --assetsDir, C:/Users/Tod/.gradle/caches/minecraft/assets, --version, 1.7.10, --tweakClass, cpw.mods.fml.common.launcher.FMLTweaker, --tweakClass, net.minecraftforge.gradle.GradleStartCommon$GradleStartTweaker]
[10:59:23] [main/INFO] [LaunchWrapper]: Loading tweak class name cpw.mods.fml.common.launcher.FMLTweaker
[10:59:23] [main/INFO] [LaunchWrapper]: Using primary tweak class name cpw.mods.fml.common.launcher.FMLTweaker
[10:59:23] [main/INFO] [LaunchWrapper]: Loading tweak class name net.minecraftforge.gradle.GradleStartCommon$GradleStartTweaker
[10:59:23] [main/INFO] [LaunchWrapper]: Calling tweak class cpw.mods.fml.common.launcher.FMLTweaker
[11:37:11] [main/INFO] [GradleStart]: Extra: []
[11:37:11] [main/INFO] [GradleStart]: Running with arguments: [--userProperties, {}, --accessToken, {REDACTED}, --assetIndex, 1.7.10, --assetsDir, C:/Users/Tod/.gradle/caches/minecraft/assets, --version, 1.7.10, --tweakClass, cpw.mods.fml.common.launcher.FMLTweaker, --tweakClass, net.minecraftforge.gradle.GradleStartCommon$GradleStartTweaker]
[11:37:11] [main/INFO] [LaunchWrapper]: Loading tweak class name cpw.mods.fml.common.launcher.FMLTweaker
[11:37:11] [main/INFO] [LaunchWrapper]: Using primary tweak class name cpw.mods.fml.common.launcher.FMLTweaker
[11:37:11] [main/INFO] [LaunchWrapper]: Loading tweak class name net.minecraftforge.gradle.GradleStartCommon$GradleStartTweaker
[11:37:11] [main/INFO] [LaunchWrapper]: Calling tweak class cpw.mods.fml.common.launcher.FMLTweaker
[11:45:20] [main/INFO] [GradleStart]: Extra: []
[11:45:21] [main/INFO] [GradleStart]: Running with arguments: [--userProperties, {}, --accessToken, {REDACTED}, --assetIndex, 1.7.10, --assetsDir, C:/Users/Tod/.gradle/caches/minecraft/assets, --version, 1.7.10, --tweakClass, cpw.mods.fml.common.launcher.FMLTweaker, --tweakClass, net.minecraftforge.gradle.GradleStartCommon$GradleStartTweaker]
[11:45:21] [main/INFO] [LaunchWrapper]: Loading tweak class name cpw.mods.fml.common.launcher.FMLTweaker
[11:45:21] [main/INFO] [LaunchWrapper]: Using primary tweak class name cpw.mods.fml.common.launcher.FMLTweaker
[11:45:21] [main/INFO] [LaunchWrapper]: Loading tweak class name net.minecraftforge.gradle.GradleStartCommon$GradleStartTweaker
[11:45:21] [main/INFO] [LaunchWrapper]: Calling tweak class cpw.mods.fml.common.launcher.FMLTweaker
[11:49:35] [main/INFO] [GradleStart]: Extra: []
[11:49:36] [main/INFO] [GradleStart]: Running with arguments: [--userProperties, {}, --accessToken, {REDACTED}, --assetIndex, 1.7.10, --assetsDir, C:/Users/Tod/.gradle/caches/minecraft/assets, --version, 1.7.10, --tweakClass, cpw.mods.fml.common.launcher.FMLTweaker, --tweakClass, net.minecraftforge.gradle.GradleStartCommon$GradleStartTweaker]
[11:49:36] [main/INFO] [LaunchWrapper]: Loading tweak class name cpw.mods.fml.common.launcher.FMLTweaker
[11:49:36] [main/INFO] [LaunchWrapper]: Using primary tweak class name cpw.mods.fml.common.launcher.FMLTweaker
[11:49:36] [main/INFO] [LaunchWrapper]: Loading tweak class name net.minecraftforge.gradle.GradleStartCommon$GradleStartTweaker
[11:49:36] [main/INFO] [LaunchWrapper]: Calling tweak class cpw.mods.fml.common.launcher.FMLTweaker
[11:50:54] [main/INFO] [GradleStart]: Extra: []
[11:50:55] [main/INFO] [GradleStart]: Running with arguments: [--userProperties, {}, --accessToken, {REDACTED}, --assetIndex, 1.7.10, --assetsDir, C:/Users/Tod/.gradle/caches/minecraft/assets, --version, 1.7.10, --tweakClass, cpw.mods.fml.common.launcher.FMLTweaker, --tweakClass, net.minecraftforge.gradle.GradleStartCommon$GradleStartTweaker]
[11:50:55] [main/INFO] [LaunchWrapper]: Loading tweak class name cpw.mods.fml.common.launcher.FMLTweaker
[11:50:55] [main/INFO] [LaunchWrapper]: Using primary tweak class name cpw.mods.fml.common.launcher.FMLTweaker
[11:50:55] [main/INFO] [LaunchWrapper]: Loading tweak class name net.minecraftforge.gradle.GradleStartCommon$GradleStartTweaker
[11:50:55] [main/INFO] [LaunchWrapper]: Calling tweak class cpw.mods.fml.common.launcher.FMLTweaker
[11:52:32] [main/INFO] [GradleStart]: Extra: []
[11:52:33] [main/INFO] [GradleStart]: Running with arguments: [--userProperties, {}, --accessToken, {REDACTED}, --assetIndex, 1.7.10, --assetsDir, C:/Users/Tod/.gradle/caches/minecraft/assets, --version, 1.7.10, --tweakClass, cpw.mods.fml.common.launcher.FMLTweaker, --tweakClass, net.minecraftforge.gradle.GradleStartCommon$GradleStartTweaker]
[11:52:33] [main/INFO] [LaunchWrapper]: Loading tweak class name cpw.mods.fml.common.launcher.FMLTweaker
[11:52:33] [main/INFO] [LaunchWrapper]: Using primary tweak class name cpw.mods.fml.common.launcher.FMLTweaker
[11:52:33] [main/INFO] [LaunchWrapper]: Loading tweak class name net.minecraftforge.gradle.GradleStartCommon$GradleStartTweaker
[11:52:33] [main/INFO] [LaunchWrapper]: Calling tweak class cpw.mods.fml.common.launcher.FMLTweaker
[12:00:24] [main/INFO] [GradleStart]: Extra: []
[12:00:24] [main/INFO] [GradleStart]: Running with arguments: [--userProperties, {}, --accessToken, {REDACTED}, --assetIndex, 1.7.10, --assetsDir, C:/Users/Tod/.gradle/caches/minecraft/assets, --version, 1.7.10, --tweakClass, cpw.mods.fml.common.launcher.FMLTweaker, --tweakClass, net.minecraftforge.gradle.GradleStartCommon$GradleStartTweaker]
[12:00:24] [main/INFO] [LaunchWrapper]: Loading tweak class name cpw.mods.fml.common.launcher.FMLTweaker
[12:00:24] [main/INFO] [LaunchWrapper]: Using primary tweak class name cpw.mods.fml.common.launcher.FMLTweaker
[12:00:24] [main/INFO] [LaunchWrapper]: Loading tweak class name net.minecraftforge.gradle.GradleStartCommon$GradleStartTweaker
[12:00:24] [main/INFO] [LaunchWrapper]: Calling tweak class cpw.mods.fml.common.launcher.FMLTweaker
[12:02:58] [main/INFO] [GradleStart]: Extra: []
[12:02:58] [main/INFO] [GradleStart]: Running with arguments: [--userProperties, {}, --accessToken, {REDACTED}, --assetIndex, 1.7.10, --assetsDir, C:/Users/Tod/.gradle/caches/minecraft/assets, --version, 1.7.10, --tweakClass, cpw.mods.fml.common.launcher.FMLTweaker, --tweakClass, net.minecraftforge.gradle.GradleStartCommon$GradleStartTweaker]
[12:02:59] [main/INFO] [LaunchWrapper]: Loading tweak class name cpw.mods.fml.common.launcher.FMLTweaker
[12:02:59] [main/INFO] [LaunchWrapper]: Using primary tweak class name cpw.mods.fml.common.launcher.FMLTweaker
[12:02:59] [main/INFO] [LaunchWrapper]: Loading tweak class name net.minecraftforge.gradle.GradleStartCommon$GradleStartTweaker
[12:02:59] [main/INFO] [LaunchWrapper]: Calling tweak class cpw.mods.fml.common.launcher.FMLTweaker
[12:05:57] [main/INFO] [GradleStart]: Extra: []
[12:05:57] [main/INFO] [GradleStart]: Running with arguments: [--userProperties, {}, --accessToken, {REDACTED}, --assetIndex, 1.7.10, --assetsDir, C:/Users/Tod/.gradle/caches/minecraft/assets, --version, 1.7.10, --tweakClass, cpw.mods.fml.common.launcher.FMLTweaker, --tweakClass, net.minecraftforge.gradle.GradleStartCommon$GradleStartTweaker]
[12:05:57] [main/INFO] [LaunchWrapper]: Loading tweak class name cpw.mods.fml.common.launcher.FMLTweaker
[12:05:57] [main/INFO] [LaunchWrapper]: Using primary tweak class name cpw.mods.fml.common.launcher.FMLTweaker
[12:05:57] [main/INFO] [LaunchWrapper]: Loading tweak class name net.minecraftforge.gradle.GradleStartCommon$GradleStartTweaker
[12:05:57] [main/INFO] [LaunchWrapper]: Calling tweak class cpw.mods.fml.common.launcher.FMLTweaker
[12:09:22] [main/INFO] [GradleStart]: Extra: []
[12:09:22] [main/INFO] [GradleStart]: Running with arguments: [--userProperties, {}, --accessToken, {REDACTED}, --assetIndex, 1.7.10, --assetsDir, C:/Users/Tod/.gradle/caches/minecraft/assets, --version, 1.7.10, --tweakClass, cpw.mods.fml.common.launcher.FMLTweaker, --tweakClass, net.minecraftforge.gradle.GradleStartCommon$GradleStartTweaker]
[12:09:22] [main/INFO] [LaunchWrapper]: Loading tweak class name cpw.mods.fml.common.launcher.FMLTweaker
[12:09:22] [main/INFO] [LaunchWrapper]: Using primary tweak class name cpw.mods.fml.common.launcher.FMLTweaker
[12:09:22] [main/INFO] [LaunchWrapper]: Loading tweak class name net.minecraftforge.gradle.GradleStartCommon$GradleStartTweaker
[12:09:22] [main/INFO] [LaunchWrapper]: Calling tweak class cpw.mods.fml.common.launcher.FMLTweaker
[12:11:34] [main/INFO] [GradleStart]: Extra: []
[12:11:34] [main/INFO] [GradleStart]: Running with arguments: [--userProperties, {}, --accessToken, {REDACTED}, --assetIndex, 1.7.10, --assetsDir, C:/Users/Tod/.gradle/caches/minecraft/assets, --version, 1.7.10, --tweakClass, cpw.mods.fml.common.launcher.FMLTweaker, --tweakClass, net.minecraftforge.gradle.GradleStartCommon$GradleStartTweaker]
[12:11:34] [main/INFO] [LaunchWrapper]: Loading tweak class name cpw.mods.fml.common.launcher.FMLTweaker
[12:11:34] [main/INFO] [LaunchWrapper]: Using primary tweak class name cpw.mods.fml.common.launcher.FMLTweaker
[12:11:34] [main/INFO] [LaunchWrapper]: Loading tweak class name net.minecraftforge.gradle.GradleStartCommon$GradleStartTweaker
[12:11:34] [main/INFO] [LaunchWrapper]: Calling tweak class cpw.mods.fml.common.launcher.FMLTweaker
[12:14:34] [main/INFO] [GradleStart]: Extra: []
[12:14:34] [main/INFO] [GradleStart]: Running with arguments: [--userProperties, {}, --accessToken, {REDACTED}, --assetIndex, 1.7.10, --assetsDir, C:/Users/Tod/.gradle/caches/minecraft/assets, --version, 1.7.10, --tweakClass, cpw.mods.fml.common.launcher.FMLTweaker, --tweakClass, net.minecraftforge.gradle.GradleStartCommon$GradleStartTweaker]
[12:14:34] [main/INFO] [LaunchWrapper]: Loading tweak class name cpw.mods.fml.common.launcher.FMLTweaker
[12:14:34] [main/INFO] [LaunchWrapper]: Using primary tweak class name cpw.mods.fml.common.launcher.FMLTweaker
[12:14:34] [main/INFO] [LaunchWrapper]: Loading tweak class name net.minecraftforge.gradle.GradleStartCommon$GradleStartTweaker
[12:14:34] [main/INFO] [LaunchWrapper]: Calling tweak class cpw.mods.fml.common.launcher.FMLTweaker
[12:26:40] [main/INFO] [GradleStart]: Extra: []
[12:26:40] [main/INFO] [GradleStart]: Running with arguments: [--userProperties, {}, --accessToken, {REDACTED}, --assetIndex, 1.7.10, --assetsDir, C:/Users/Tod/.gradle/caches/minecraft/assets, --version, 1.7.10, --tweakClass, cpw.mods.fml.common.launcher.FMLTweaker, --tweakClass, net.minecraftforge.gradle.GradleStartCommon$GradleStartTweaker]
[12:26:40] [main/INFO] [LaunchWrapper]: Loading tweak class name cpw.mods.fml.common.launcher.FMLTweaker
[12:26:40] [main/INFO] [LaunchWrapper]: Using primary tweak class name cpw.mods.fml.common.launcher.FMLTweaker
[12:26:40] [main/INFO] [LaunchWrapper]: Loading tweak class name net.minecraftforge.gradle.GradleStartCommon$GradleStartTweaker
[12:26:40] [main/INFO] [LaunchWrapper]: Calling tweak class cpw.mods.fml.common.launcher.FMLTweaker
[12:30:55] [main/INFO] [GradleStart]: Extra: []
[12:30:55] [main/INFO] [GradleStart]: Running with arguments: [--userProperties, {}, --accessToken, {REDACTED}, --assetIndex, 1.7.10, --assetsDir, C:/Users/Tod/.gradle/caches/minecraft/assets, --version, 1.7.10, --tweakClass, cpw.mods.fml.common.launcher.FMLTweaker, --tweakClass, net.minecraftforge.gradle.GradleStartCommon$GradleStartTweaker]
[12:30:55] [main/INFO] [LaunchWrapper]: Loading tweak class name cpw.mods.fml.common.launcher.FMLTweaker
[12:30:55] [main/INFO] [LaunchWrapper]: Using primary tweak class name cpw.mods.fml.common.launcher.FMLTweaker
[12:30:55] [main/INFO] [LaunchWrapper]: Loading tweak class name net.minecraftforge.gradle.GradleStartCommon$GradleStartTweaker
[12:30:55] [main/INFO] [LaunchWrapper]: Calling tweak class cpw.mods.fml.common.launcher.FMLTweaker
[12:43:31] [main/INFO] [GradleStart]: Extra: []
[12:43:32] [main/INFO] [GradleStart]: Running with arguments: [--userProperties, {}, --accessToken, {REDACTED}, --assetIndex, 1.7.10, --assetsDir, C:/Users/Tod/.gradle/caches/minecraft/assets, --version, 1.7.10, --tweakClass, cpw.mods.fml.common.launcher.FMLTweaker, --tweakClass, net.minecraftforge.gradle.GradleStartCommon$GradleStartTweaker]
[12:43:32] [main/INFO] [LaunchWrapper]: Loading tweak class name cpw.mods.fml.common.launcher.FMLTweaker
[12:43:32] [main/INFO] [LaunchWrapper]: Using primary tweak class name cpw.mods.fml.common.launcher.FMLTweaker
[12:43:32] [main/INFO] [LaunchWrapper]: Loading tweak class name net.minecraftforge.gradle.GradleStartCommon$GradleStartTweaker
[12:43:32] [main/INFO] [LaunchWrapper]: Calling tweak class cpw.mods.fml.common.launcher.FMLTweaker
[12:45:15] [main/INFO] [GradleStart]: Extra: []
[12:45:16] [main/INFO] [GradleStart]: Running with arguments: [--userProperties, {}, --accessToken, {REDACTED}, --assetIndex, 1.7.10, --assetsDir, C:/Users/Tod/.gradle/caches/minecraft/assets, --version, 1.7.10, --tweakClass, cpw.mods.fml.common.launcher.FMLTweaker, --tweakClass, net.minecraftforge.gradle.GradleStartCommon$GradleStartTweaker]
[12:45:16] [main/INFO] [LaunchWrapper]: Loading tweak class name cpw.mods.fml.common.launcher.FMLTweaker
[12:45:16] [main/INFO] [LaunchWrapper]: Using primary tweak class name cpw.mods.fml.common.launcher.FMLTweaker
[12:45:16] [main/INFO] [LaunchWrapper]: Loading tweak class name net.minecraftforge.gradle.GradleStartCommon$GradleStartTweaker
[12:45:16] [main/INFO] [LaunchWrapper]: Calling tweak class cpw.mods.fml.common.launcher.FMLTweaker
[12:55:10] [main/INFO] [GradleStart]: Extra: []
[12:55:10] [main/INFO] [GradleStart]: Running with arguments: [--userProperties, {}, --accessToken, {REDACTED}, --assetIndex, 1.7.10, --assetsDir, C:/Users/Tod/.gradle/caches/minecraft/assets, --version, 1.7.10, --tweakClass, cpw.mods.fml.common.launcher.FMLTweaker, --tweakClass, net.minecraftforge.gradle.GradleStartCommon$GradleStartTweaker]
[12:55:10] [main/INFO] [LaunchWrapper]: Loading tweak class name cpw.mods.fml.common.launcher.FMLTweaker
[12:55:10] [main/INFO] [LaunchWrapper]: Using primary tweak class name cpw.mods.fml.common.launcher.FMLTweaker
[12:55:10] [main/INFO] [LaunchWrapper]: Loading tweak class name net.minecraftforge.gradle.GradleStartCommon$GradleStartTweaker
[12:55:10] [main/INFO] [LaunchWrapper]: Calling tweak class cpw.mods.fml.common.launcher.FMLTweaker
[13:03:31] [main/INFO] [GradleStart]: Extra: []
[13:03:31] [main/INFO] [GradleStart]: Running with arguments: [--userProperties, {}, --accessToken, {REDACTED}, --assetIndex, 1.7.10, --assetsDir, C:/Users/Tod/.gradle/caches/minecraft/assets, --version, 1.7.10, --tweakClass, cpw.mods.fml.common.launcher.FMLTweaker, --tweakClass, net.minecraftforge.gradle.GradleStartCommon$GradleStartTweaker]
[13:03:31] [main/INFO] [LaunchWrapper]: Loading tweak class name cpw.mods.fml.common.launcher.FMLTweaker
[13:03:32] [main/INFO] [LaunchWrapper]: Using primary tweak class name cpw.mods.fml.common.launcher.FMLTweaker
[13:03:32] [main/INFO] [LaunchWrapper]: Loading tweak class name net.minecraftforge.gradle.GradleStartCommon$GradleStartTweaker
[13:03:32] [main/INFO] [LaunchWrapper]: Calling tweak class cpw.mods.fml.common.launcher.FMLTweaker
[10:25:12] [main/INFO] [GradleStart]: Extra: []
[10:25:12] [main/INFO] [GradleStart]: Running with arguments: [--userProperties, {}, --accessToken, {REDACTED}, --assetIndex, 1.7.10, --assetsDir, C:/Users/Tod/.gradle/caches/minecraft/assets, --version, 1.7.10, --tweakClass, cpw.mods.fml.common.launcher.FMLTweaker, --tweakClass, net.minecraftforge.gradle.GradleStartCommon$GradleStartTweaker]
[10:25:12] [main/INFO] [LaunchWrapper]: Loading tweak class name cpw.mods.fml.common.launcher.FMLTweaker
[10:25:12] [main/INFO] [LaunchWrapper]: Using primary tweak class name cpw.mods.fml.common.launcher.FMLTweaker
[10:25:12] [main/INFO] [LaunchWrapper]: Loading tweak class name net.minecraftforge.gradle.GradleStartCommon$GradleStartTweaker
[10:25:12] [main/INFO] [LaunchWrapper]: Calling tweak class cpw.mods.fml.common.launcher.FMLTweaker
[10:58:38] [main/INFO] [GradleStart]: Extra: []
[10:58:39] [main/INFO] [GradleStart]: Running with arguments: [--userProperties, {}, --accessToken, {REDACTED}, --assetIndex, 1.7.10, --assetsDir, C:/Users/Tod/.gradle/caches/minecraft/assets, --version, 1.7.10, --tweakClass, cpw.mods.fml.common.launcher.FMLTweaker, --tweakClass, net.minecraftforge.gradle.GradleStartCommon$GradleStartTweaker]
[10:58:39] [main/INFO] [LaunchWrapper]: Loading tweak class name cpw.mods.fml.common.launcher.FMLTweaker
[10:58:39] [main/INFO] [LaunchWrapper]: Using primary tweak class name cpw.mods.fml.common.launcher.FMLTweaker
[10:58:39] [main/INFO] [LaunchWrapper]: Loading tweak class name net.minecraftforge.gradle.GradleStartCommon$GradleStartTweaker
[10:58:39] [main/INFO] [LaunchWrapper]: Calling tweak class cpw.mods.fml.common.launcher.FMLTweaker
[11:08:48] [main/INFO] [GradleStart]: Extra: []
[11:08:48] [main/INFO] [GradleStart]: Running with arguments: [--userProperties, {}, --accessToken, {REDACTED}, --assetIndex, 1.7.10, --assetsDir, C:/Users/Tod/.gradle/caches/minecraft/assets, --version, 1.7.10, --tweakClass, cpw.mods.fml.common.launcher.FMLTweaker, --tweakClass, net.minecraftforge.gradle.GradleStartCommon$GradleStartTweaker]
[11:08:48] [main/INFO] [LaunchWrapper]: Loading tweak class name cpw.mods.fml.common.launcher.FMLTweaker
[11:08:48] [main/INFO] [LaunchWrapper]: Using primary tweak class name cpw.mods.fml.common.launcher.FMLTweaker
[11:08:48] [main/INFO] [LaunchWrapper]: Loading tweak class name net.minecraftforge.gradle.GradleStartCommon$GradleStartTweaker
[11:08:48] [main/INFO] [LaunchWrapper]: Calling tweak class cpw.mods.fml.common.launcher.FMLTweaker
[18:07:00] [main/INFO] [GradleStart]: Extra: []
[18:07:00] [main/INFO] [GradleStart]: Running with arguments: [--userProperties, {}, --accessToken, {REDACTED}, --assetIndex, 1.7.10, --assetsDir, C:/Users/Tod/.gradle/caches/minecraft/assets, --version, 1.7.10, --tweakClass, cpw.mods.fml.common.launcher.FMLTweaker, --tweakClass, net.minecraftforge.gradle.GradleStartCommon$GradleStartTweaker]
[18:07:00] [main/INFO] [LaunchWrapper]: Loading tweak class name cpw.mods.fml.common.launcher.FMLTweaker
[18:07:00] [main/INFO] [LaunchWrapper]: Using primary tweak class name cpw.mods.fml.common.launcher.FMLTweaker
[18:07:00] [main/INFO] [LaunchWrapper]: Loading tweak class name net.minecraftforge.gradle.GradleStartCommon$GradleStartTweaker
[18:07:00] [main/INFO] [LaunchWrapper]: Calling tweak class cpw.mods.fml.common.launcher.FMLTweaker
[20:47:53] [main/INFO] [GradleStart]: Extra: []
[20:47:54] [main/INFO] [GradleStart]: Running with arguments: [--userProperties, {}, --accessToken, {REDACTED}, --assetIndex, 1.7.10, --assetsDir, C:/Users/Tod Woods/.gradle/caches/minecraft/assets, --version, 1.7.10, --tweakClass, cpw.mods.fml.common.launcher.FMLTweaker, --tweakClass, net.minecraftforge.gradle.GradleStartCommon$GradleStartTweaker]
[20:47:54] [main/INFO] [LaunchWrapper]: Loading tweak class name cpw.mods.fml.common.launcher.FMLTweaker
[20:47:54] [main/INFO] [LaunchWrapper]: Using primary tweak class name cpw.mods.fml.common.launcher.FMLTweaker
[20:47:54] [main/INFO] [LaunchWrapper]: Loading tweak class name net.minecraftforge.gradle.GradleStartCommon$GradleStartTweaker
[20:47:54] [main/INFO] [LaunchWrapper]: Calling tweak class cpw.mods.fml.common.launcher.FMLTweaker
[21:03:56] [main/INFO] [GradleStart]: Extra: []
[21:03:56] [main/INFO] [GradleStart]: Running with arguments: [--userProperties, {}, --accessToken, {REDACTED}, --assetIndex, 1.7.10, --assetsDir, C:/Users/Tod Woods/.gradle/caches/minecraft/assets, --version, 1.7.10, --tweakClass, cpw.mods.fml.common.launcher.FMLTweaker, --tweakClass, net.minecraftforge.gradle.GradleStartCommon$GradleStartTweaker]
[21:03:57] [main/INFO] [LaunchWrapper]: Loading tweak class name cpw.mods.fml.common.launcher.FMLTweaker
[21:03:57] [main/INFO] [LaunchWrapper]: Using primary tweak class name cpw.mods.fml.common.launcher.FMLTweaker
[21:03:57] [main/INFO] [LaunchWrapper]: Loading tweak class name net.minecraftforge.gradle.GradleStartCommon$GradleStartTweaker
[21:03:57] [main/INFO] [LaunchWrapper]: Calling tweak class cpw.mods.fml.common.launcher.FMLTweaker
[21:12:10] [main/INFO] [GradleStart]: Extra: []
[21:12:10] [main/INFO] [GradleStart]: Running with arguments: [--userProperties, {}, --accessToken, {REDACTED}, --assetIndex, 1.7.10, --assetsDir, C:/Users/Tod Woods/.gradle/caches/minecraft/assets, --version, 1.7.10, --tweakClass, cpw.mods.fml.common.launcher.FMLTweaker, --tweakClass, net.minecraftforge.gradle.GradleStartCommon$GradleStartTweaker]
[21:12:10] [main/INFO] [LaunchWrapper]: Loading tweak class name cpw.mods.fml.common.launcher.FMLTweaker
[21:12:10] [main/INFO] [LaunchWrapper]: Using primary tweak class name cpw.mods.fml.common.launcher.FMLTweaker
[21:12:10] [main/INFO] [LaunchWrapper]: Loading tweak class name net.minecraftforge.gradle.GradleStartCommon$GradleStartTweaker
[21:12:10] [main/INFO] [LaunchWrapper]: Calling tweak class cpw.mods.fml.common.launcher.FMLTweaker
[21:49:13] [main/INFO] [GradleStart]: Extra: []
[21:49:13] [main/INFO] [GradleStart]: Running with arguments: [--userProperties, {}, --accessToken, {REDACTED}, --assetIndex, 1.7.10, --assetsDir, C:/Users/Tod Woods/.gradle/caches/minecraft/assets, --version, 1.7.10, --tweakClass, cpw.mods.fml.common.launcher.FMLTweaker, --tweakClass, net.minecraftforge.gradle.GradleStartCommon$GradleStartTweaker]
[21:49:14] [main/INFO] [LaunchWrapper]: Loading tweak class name cpw.mods.fml.common.launcher.FMLTweaker
[21:49:14] [main/INFO] [LaunchWrapper]: Using primary tweak class name cpw.mods.fml.common.launcher.FMLTweaker
[21:49:14] [main/INFO] [LaunchWrapper]: Loading tweak class name net.minecraftforge.gradle.GradleStartCommon$GradleStartTweaker
[21:49:14] [main/INFO] [LaunchWrapper]: Calling tweak class cpw.mods.fml.common.launcher.FMLTweaker
[21:52:00] [main/INFO] [GradleStart]: Extra: []
[21:52:00] [main/INFO] [GradleStart]: Running with arguments: [--userProperties, {}, --accessToken, {REDACTED}, --assetIndex, 1.7.10, --assetsDir, C:/Users/Tod Woods/.gradle/caches/minecraft/assets, --version, 1.7.10, --tweakClass, cpw.mods.fml.common.launcher.FMLTweaker, --tweakClass, net.minecraftforge.gradle.GradleStartCommon$GradleStartTweaker]
[21:52:01] [main/INFO] [LaunchWrapper]: Loading tweak class name cpw.mods.fml.common.launcher.FMLTweaker
[21:52:01] [main/INFO] [LaunchWrapper]: Using primary tweak class name cpw.mods.fml.common.launcher.FMLTweaker
[21:52:01] [main/INFO] [LaunchWrapper]: Loading tweak class name net.minecraftforge.gradle.GradleStartCommon$GradleStartTweaker
[21:52:01] [main/INFO] [LaunchWrapper]: Calling tweak class cpw.mods.fml.common.launcher.FMLTweaker
[22:26:32] [main/INFO] [GradleStart]: Extra: []
[22:26:32] [main/INFO] [GradleStart]: Running with arguments: [--userProperties, {}, --accessToken, {REDACTED}, --assetIndex, 1.7.10, --assetsDir, C:/Users/Tod Woods/.gradle/caches/minecraft/assets, --version, 1.7.10, --tweakClass, cpw.mods.fml.common.launcher.FMLTweaker, --tweakClass, net.minecraftforge.gradle.GradleStartCommon$GradleStartTweaker]
[22:26:32] [main/INFO] [LaunchWrapper]: Loading tweak class name cpw.mods.fml.common.launcher.FMLTweaker
[22:26:32] [main/INFO] [LaunchWrapper]: Using primary tweak class name cpw.mods.fml.common.launcher.FMLTweaker
[22:26:32] [main/INFO] [LaunchWrapper]: Loading tweak class name net.minecraftforge.gradle.GradleStartCommon$GradleStartTweaker
[22:26:32] [main/INFO] [LaunchWrapper]: Calling tweak class cpw.mods.fml.common.launcher.FMLTweaker
[16:44:29] [main/INFO] [GradleStart]: Extra: []
[16:44:30] [main/INFO] [GradleStart]: Running with arguments: [--userProperties, {}, --accessToken, {REDACTED}, --assetIndex, 1.7.10, --assetsDir, C:/Users/Tod Woods/.gradle/caches/minecraft/assets, --version, 1.7.10, --tweakClass, cpw.mods.fml.common.launcher.FMLTweaker, --tweakClass, net.minecraftforge.gradle.GradleStartCommon$GradleStartTweaker]
[16:44:30] [main/INFO] [LaunchWrapper]: Loading tweak class name cpw.mods.fml.common.launcher.FMLTweaker
[16:44:30] [main/INFO] [LaunchWrapper]: Using primary tweak class name cpw.mods.fml.common.launcher.FMLTweaker
[16:44:30] [main/INFO] [LaunchWrapper]: Loading tweak class name net.minecraftforge.gradle.GradleStartCommon$GradleStartTweaker
[16:44:30] [main/INFO] [LaunchWrapper]: Calling tweak class cpw.mods.fml.common.launcher.FMLTweaker
[16:47:57] [main/INFO] [GradleStart]: Extra: []
[16:47:57] [main/INFO] [GradleStart]: Running with arguments: [--userProperties, {}, --accessToken, {REDACTED}, --assetIndex, 1.7.10, --assetsDir, C:/Users/Tod Woods/.gradle/caches/minecraft/assets, --version, 1.7.10, --tweakClass, cpw.mods.fml.common.launcher.FMLTweaker, --tweakClass, net.minecraftforge.gradle.GradleStartCommon$GradleStartTweaker]
[16:47:57] [main/INFO] [LaunchWrapper]: Loading tweak class name cpw.mods.fml.common.launcher.FMLTweaker
[16:47:57] [main/INFO] [LaunchWrapper]: Using primary tweak class name cpw.mods.fml.common.launcher.FMLTweaker
[16:47:57] [main/INFO] [LaunchWrapper]: Loading tweak class name net.minecraftforge.gradle.GradleStartCommon$GradleStartTweaker
[16:47:57] [main/INFO] [LaunchWrapper]: Calling tweak class cpw.mods.fml.common.launcher.FMLTweaker
[16:53:35] [main/INFO] [GradleStart]: Extra: []
[16:53:35] [main/INFO] [GradleStart]: Running with arguments: [--userProperties, {}, --accessToken, {REDACTED}, --assetIndex, 1.7.10, --assetsDir, C:/Users/Tod Woods/.gradle/caches/minecraft/assets, --version, 1.7.10, --tweakClass, cpw.mods.fml.common.launcher.FMLTweaker, --tweakClass, net.minecraftforge.gradle.GradleStartCommon$GradleStartTweaker]
[16:53:35] [main/INFO] [LaunchWrapper]: Loading tweak class name cpw.mods.fml.common.launcher.FMLTweaker
[16:53:35] [main/INFO] [LaunchWrapper]: Using primary tweak class name cpw.mods.fml.common.launcher.FMLTweaker
[16:53:35] [main/INFO] [LaunchWrapper]: Loading tweak class name net.minecraftforge.gradle.GradleStartCommon$GradleStartTweaker
[16:53:35] [main/INFO] [LaunchWrapper]: Calling tweak class cpw.mods.fml.common.launcher.FMLTweaker
[16:54:45] [main/INFO] [GradleStart]: Extra: []
[16:54:46] [main/INFO] [GradleStart]: Running with arguments: [--userProperties, {}, --accessToken, {REDACTED}, --assetIndex, 1.7.10, --assetsDir, C:/Users/Tod Woods/.gradle/caches/minecraft/assets, --version, 1.7.10, --tweakClass, cpw.mods.fml.common.launcher.FMLTweaker, --tweakClass, net.minecraftforge.gradle.GradleStartCommon$GradleStartTweaker]
[16:54:46] [main/INFO] [LaunchWrapper]: Loading tweak class name cpw.mods.fml.common.launcher.FMLTweaker
[16:54:46] [main/INFO] [LaunchWrapper]: Using primary tweak class name cpw.mods.fml.common.launcher.FMLTweaker
[16:54:46] [main/INFO] [LaunchWrapper]: Loading tweak class name net.minecraftforge.gradle.GradleStartCommon$GradleStartTweaker
[16:54:46] [main/INFO] [LaunchWrapper]: Calling tweak class cpw.mods.fml.common.launcher.FMLTweaker
[16:55:42] [main/INFO] [GradleStart]: Extra: []
[16:55:42] [main/INFO] [GradleStart]: Running with arguments: [--userProperties, {}, --accessToken, {REDACTED}, --assetIndex, 1.7.10, --assetsDir, C:/Users/Tod Woods/.gradle/caches/minecraft/assets, --version, 1.7.10, --tweakClass, cpw.mods.fml.common.launcher.FMLTweaker, --tweakClass, net.minecraftforge.gradle.GradleStartCommon$GradleStartTweaker]
[16:55:43] [main/INFO] [LaunchWrapper]: Loading tweak class name cpw.mods.fml.common.launcher.FMLTweaker
[16:55:43] [main/INFO] [LaunchWrapper]: Using primary tweak class name cpw.mods.fml.common.launcher.FMLTweaker
[16:55:43] [main/INFO] [LaunchWrapper]: Loading tweak class name net.minecraftforge.gradle.GradleStartCommon$GradleStartTweaker
[16:55:43] [main/INFO] [LaunchWrapper]: Calling tweak class cpw.mods.fml.common.launcher.FMLTweaker
[16:58:45] [main/INFO] [GradleStart]: Extra: []
[16:58:46] [main/INFO] [GradleStart]: Running with arguments: [--userProperties, {}, --accessToken, {REDACTED}, --assetIndex, 1.7.10, --assetsDir, C:/Users/Tod Woods/.gradle/caches/minecraft/assets, --version, 1.7.10, --tweakClass, cpw.mods.fml.common.launcher.FMLTweaker, --tweakClass, net.minecraftforge.gradle.GradleStartCommon$GradleStartTweaker]
[16:58:46] [main/INFO] [LaunchWrapper]: Loading tweak class name cpw.mods.fml.common.launcher.FMLTweaker
[16:58:46] [main/INFO] [LaunchWrapper]: Using primary tweak class name cpw.mods.fml.common.launcher.FMLTweaker
[16:58:46] [main/INFO] [LaunchWrapper]: Loading tweak class name net.minecraftforge.gradle.GradleStartCommon$GradleStartTweaker
[16:58:46] [main/INFO] [LaunchWrapper]: Calling tweak class cpw.mods.fml.common.launcher.FMLTweaker
[17:02:43] [main/INFO] [GradleStart]: Extra: []
[17:02:44] [main/INFO] [GradleStart]: Running with arguments: [--userProperties, {}, --accessToken, {REDACTED}, --assetIndex, 1.7.10, --assetsDir, C:/Users/Tod Woods/.gradle/caches/minecraft/assets, --version, 1.7.10, --tweakClass, cpw.mods.fml.common.launcher.FMLTweaker, --tweakClass, net.minecraftforge.gradle.GradleStartCommon$GradleStartTweaker]
[17:02:44] [main/INFO] [LaunchWrapper]: Loading tweak class name cpw.mods.fml.common.launcher.FMLTweaker
[17:02:44] [main/INFO] [LaunchWrapper]: Using primary tweak class name cpw.mods.fml.common.launcher.FMLTweaker
[17:02:44] [main/INFO] [LaunchWrapper]: Loading tweak class name net.minecraftforge.gradle.GradleStartCommon$GradleStartTweaker
[17:02:44] [main/INFO] [LaunchWrapper]: Calling tweak class cpw.mods.fml.common.launcher.FMLTweaker
[17:11:44] [main/INFO] [GradleStart]: Extra: []
[17:11:44] [main/INFO] [GradleStart]: Running with arguments: [--userProperties, {}, --accessToken, {REDACTED}, --assetIndex, 1.7.10, --assetsDir, C:/Users/Tod Woods/.gradle/caches/minecraft/assets, --version, 1.7.10, --tweakClass, cpw.mods.fml.common.launcher.FMLTweaker, --tweakClass, net.minecraftforge.gradle.GradleStartCommon$GradleStartTweaker]
[17:11:44] [main/INFO] [LaunchWrapper]: Loading tweak class name cpw.mods.fml.common.launcher.FMLTweaker
[17:11:44] [main/INFO] [LaunchWrapper]: Using primary tweak class name cpw.mods.fml.common.launcher.FMLTweaker
[17:11:44] [main/INFO] [LaunchWrapper]: Loading tweak class name net.minecraftforge.gradle.GradleStartCommon$GradleStartTweaker
[17:11:44] [main/INFO] [LaunchWrapper]: Calling tweak class cpw.mods.fml.common.launcher.FMLTweaker
[17:12:53] [main/INFO] [GradleStart]: Extra: []
[17:12:53] [main/INFO] [GradleStart]: Running with arguments: [--userProperties, {}, --accessToken, {REDACTED}, --assetIndex, 1.7.10, --assetsDir, C:/Users/Tod Woods/.gradle/caches/minecraft/assets, --version, 1.7.10, --tweakClass, cpw.mods.fml.common.launcher.FMLTweaker, --tweakClass, net.minecraftforge.gradle.GradleStartCommon$GradleStartTweaker]
[17:12:54] [main/INFO] [LaunchWrapper]: Loading tweak class name cpw.mods.fml.common.launcher.FMLTweaker
[17:12:54] [main/INFO] [LaunchWrapper]: Using primary tweak class name cpw.mods.fml.common.launcher.FMLTweaker
[17:12:54] [main/INFO] [LaunchWrapper]: Loading tweak class name net.minecraftforge.gradle.GradleStartCommon$GradleStartTweaker
[17:12:54] [main/INFO] [LaunchWrapper]: Calling tweak class cpw.mods.fml.common.launcher.FMLTweaker
[17:19:19] [main/INFO] [GradleStart]: Extra: []
[17:19:20] [main/INFO] [GradleStart]: Running with arguments: [--userProperties, {}, --accessToken, {REDACTED}, --assetIndex, 1.7.10, --assetsDir, C:/Users/Tod Woods/.gradle/caches/minecraft/assets, --version, 1.7.10, --tweakClass, cpw.mods.fml.common.launcher.FMLTweaker, --tweakClass, net.minecraftforge.gradle.GradleStartCommon$GradleStartTweaker]
[17:19:20] [main/INFO] [LaunchWrapper]: Loading tweak class name cpw.mods.fml.common.launcher.FMLTweaker
[17:19:20] [main/INFO] [LaunchWrapper]: Using primary tweak class name cpw.mods.fml.common.launcher.FMLTweaker
[17:19:20] [main/INFO] [LaunchWrapper]: Loading tweak class name net.minecraftforge.gradle.GradleStartCommon$GradleStartTweaker
[17:19:20] [main/INFO] [LaunchWrapper]: Calling tweak class cpw.mods.fml.common.launcher.FMLTweaker
[17:20:48] [main/INFO] [GradleStart]: Extra: []
[17:20:49] [main/INFO] [GradleStart]: Running with arguments: [--userProperties, {}, --accessToken, {REDACTED}, --assetIndex, 1.7.10, --assetsDir, C:/Users/Tod Woods/.gradle/caches/minecraft/assets, --version, 1.7.10, --tweakClass, cpw.mods.fml.common.launcher.FMLTweaker, --tweakClass, net.minecraftforge.gradle.GradleStartCommon$GradleStartTweaker]
[17:20:49] [main/INFO] [LaunchWrapper]: Loading tweak class name cpw.mods.fml.common.launcher.FMLTweaker
[17:20:49] [main/INFO] [LaunchWrapper]: Using primary tweak class name cpw.mods.fml.common.launcher.FMLTweaker
[17:20:49] [main/INFO] [LaunchWrapper]: Loading tweak class name net.minecraftforge.gradle.GradleStartCommon$GradleStartTweaker
[17:20:49] [main/INFO] [LaunchWrapper]: Calling tweak class cpw.mods.fml.common.launcher.FMLTweaker
[17:22:37] [main/INFO] [GradleStart]: Extra: []
[17:22:37] [main/INFO] [GradleStart]: Running with arguments: [--userProperties, {}, --accessToken, {REDACTED}, --assetIndex, 1.7.10, --assetsDir, C:/Users/Tod Woods/.gradle/caches/minecraft/assets, --version, 1.7.10, --tweakClass, cpw.mods.fml.common.launcher.FMLTweaker, --tweakClass, net.minecraftforge.gradle.GradleStartCommon$GradleStartTweaker]
[17:22:37] [main/INFO] [LaunchWrapper]: Loading tweak class name cpw.mods.fml.common.launcher.FMLTweaker
[17:22:37] [main/INFO] [LaunchWrapper]: Using primary tweak class name cpw.mods.fml.common.launcher.FMLTweaker
[17:22:37] [main/INFO] [LaunchWrapper]: Loading tweak class name net.minecraftforge.gradle.GradleStartCommon$GradleStartTweaker
[17:22:37] [main/INFO] [LaunchWrapper]: Calling tweak class cpw.mods.fml.common.launcher.FMLTweaker
[17:24:47] [main/INFO] [GradleStart]: Extra: []
[17:24:47] [main/INFO] [GradleStart]: Running with arguments: [--userProperties, {}, --accessToken, {REDACTED}, --assetIndex, 1.7.10, --assetsDir, C:/Users/Tod Woods/.gradle/caches/minecraft/assets, --version, 1.7.10, --tweakClass, cpw.mods.fml.common.launcher.FMLTweaker, --tweakClass, net.minecraftforge.gradle.GradleStartCommon$GradleStartTweaker]
[17:24:47] [main/INFO] [LaunchWrapper]: Loading tweak class name cpw.mods.fml.common.launcher.FMLTweaker
[17:24:47] [main/INFO] [LaunchWrapper]: Using primary tweak class name cpw.mods.fml.common.launcher.FMLTweaker
[17:24:47] [main/INFO] [LaunchWrapper]: Loading tweak class name net.minecraftforge.gradle.GradleStartCommon$GradleStartTweaker
[17:24:47] [main/INFO] [LaunchWrapper]: Calling tweak class cpw.mods.fml.common.launcher.FMLTweaker
